# JRE version: OpenJDK Runtime Environment (8.0_242-b01) (build 1.8.0_242-release-1644-b01)
# Java VM: OpenJDK 64-Bit Server VM (25.242-b01 mixed mode windows-amd64 compressed oops)
Heap:
 PSYoungGen      total 317952K, used 162201K [0x00000000d5580000, 0x00000000edb80000, 0x0000000100000000)
  eden space 261632K, 40% used [0x00000000d5580000,0x00000000dbce9e98,0x00000000e5500000)
  from space 56320K, 99% used [0x00000000ea480000,0x00000000edb7c868,0x00000000edb80000)
  to   space 53760K, 0% used [0x00000000e5500000,0x00000000e5500000,0x00000000e8980000)
 ParOldGen       total 239104K, used 114749K [0x0000000080000000, 0x000000008e980000, 0x00000000d5580000)
  object space 239104K, 47% used [0x0000000080000000,0x000000008700f670,0x000000008e980000)
 Metaspace       used 150282K, capacity 157682K, committed 157720K, reserved 1185792K
  class space    used 19806K, capacity 21259K, committed 21288K, reserved 1048576K
GC Heap History (10 events):
Event: 105.143 GC heap before
{Heap before GC invocations=22 (full 4):
 PSYoungGen      total 251392K, used 217600K [0x00000000d5580000, 0x00000000e8c00000, 0x0000000100000000)
  eden space 217600K, 100% used [0x00000000d5580000,0x00000000e2a00000,0x00000000e2a00000)
  from space 33792K, 0% used [0x00000000e2a00000,0x00000000e2a00000,0x00000000e4b00000)
  to   space 41472K, 0% used [0x00000000e6380000,0x00000000e6380000,0x00000000e8c00000)
 ParOldGen       total 239104K, used 83804K [0x0000000080000000, 0x000000008e980000, 0x00000000d5580000)
  object space 239104K, 35% used [0x0000000080000000,0x00000000851d7048,0x000000008e980000)
 Metaspace       used 100337K, capacity 104810K, committed 104984K, reserved 1140736K
  class space    used 12908K, capacity 13820K, committed 13864K, reserved 1048576K
Event: 105.168 GC heap after
Heap after GC invocations=22 (full 4):
 PSYoungGen      total 275456K, used 27188K [0x00000000d5580000, 0x00000000e8e00000, 0x0000000100000000)
  eden space 233984K, 0% used [0x00000000d5580000,0x00000000d5580000,0x00000000e3a00000)
  from space 41472K, 65% used [0x00000000e6380000,0x00000000e7e0d0b8,0x00000000e8c00000)
  to   space 42496K, 0% used [0x00000000e3a00000,0x00000000e3a00000,0x00000000e6380000)
 ParOldGen       total 239104K, used 83812K [0x0000000080000000, 0x000000008e980000, 0x00000000d5580000)
  object space 239104K, 35% used [0x0000000080000000,0x00000000851d9048,0x000000008e980000)
 Metaspace       used 100337K, capacity 104810K, committed 104984K, reserved 1140736K
  class space    used 12908K, capacity 13820K, committed 13864K, reserved 1048576K
}
Event: 105.735 GC heap before
{Heap before GC invocations=23 (full 4):
 PSYoungGen      total 275456K, used 261172K [0x00000000d5580000, 0x00000000e8e00000, 0x0000000100000000)
  eden space 233984K, 100% used [0x00000000d5580000,0x00000000e3a00000,0x00000000e3a00000)
  from space 41472K, 65% used [0x00000000e6380000,0x00000000e7e0d0b8,0x00000000e8c00000)
  to   space 42496K, 0% used [0x00000000e3a00000,0x00000000e3a00000,0x00000000e6380000)
 ParOldGen       total 239104K, used 83812K [0x0000000080000000, 0x000000008e980000, 0x00000000d5580000)
  object space 239104K, 35% used [0x0000000080000000,0x00000000851d9048,0x000000008e980000)
 Metaspace       used 103206K, capacity 107802K, committed 108056K, reserved 1142784K
  class space    used 13337K, capacity 14272K, committed 14376K, reserved 1048576K
Event: 105.761 GC heap after
Heap after GC invocations=23 (full 4):
 PSYoungGen      total 276480K, used 42477K [0x00000000d5580000, 0x00000000ec000000, 0x0000000100000000)
  eden space 233984K, 0% used [0x00000000d5580000,0x00000000d5580000,0x00000000e3a00000)
  from space 42496K, 99% used [0x00000000e3a00000,0x00000000e637b658,0x00000000e6380000)
  to   space 52224K, 0% used [0x00000000e8d00000,0x00000000e8d00000,0x00000000ec000000)
 ParOldGen       total 239104K, used 91988K [0x0000000080000000, 0x000000008e980000, 0x00000000d5580000)
  object space 239104K, 38% used [0x0000000080000000,0x00000000859d5388,0x000000008e980000)
 Metaspace       used 103206K, capacity 107802K, committed 108056K, reserved 1142784K
  class space    used 13337K, capacity 14272K, committed 14376K, reserved 1048576K
}
Event: 237.127 GC heap before
{Heap before GC invocations=24 (full 4):
 PSYoungGen      total 276480K, used 276461K [0x00000000d5580000, 0x00000000ec000000, 0x0000000100000000)
  eden space 233984K, 100% used [0x00000000d5580000,0x00000000e3a00000,0x00000000e3a00000)
  from space 42496K, 99% used [0x00000000e3a00000,0x00000000e637b658,0x00000000e6380000)
  to   space 52224K, 0% used [0x00000000e8d00000,0x00000000e8d00000,0x00000000ec000000)
 ParOldGen       total 239104K, used 91988K [0x0000000080000000, 0x000000008e980000, 0x00000000d5580000)
  object space 239104K, 38% used [0x0000000080000000,0x00000000859d5388,0x000000008e980000)
 Metaspace       used 118690K, capacity 124750K, committed 125080K, reserved 1157120K
  class space    used 15493K, capacity 16699K, committed 16808K, reserved 1048576K
Event: 237.228 GC heap after
Heap after GC invocations=24 (full 4):
 PSYoungGen      total 311808K, used 33795K [0x00000000d5580000, 0x00000000ebe00000, 0x0000000100000000)
  eden space 261632K, 0% used [0x00000000d5580000,0x00000000d5580000,0x00000000e5500000)
  from space 50176K, 67% used [0x00000000e8d00000,0x00000000eae00f48,0x00000000ebe00000)
  to   space 53760K, 0% used [0x00000000e5500000,0x00000000e5500000,0x00000000e8980000)
 ParOldGen       total 239104K, used 109035K [0x0000000080000000, 0x000000008e980000, 0x00000000d5580000)
  object space 239104K, 45% used [0x0000000080000000,0x0000000086a7add8,0x000000008e980000)
 Metaspace       used 118690K, capacity 124750K, committed 125080K, reserved 1157120K
  class space    used 15493K, capacity 16699K, committed 16808K, reserved 1048576K
}
Event: 302.498 GC heap before
{Heap before GC invocations=25 (full 4):
 PSYoungGen      total 311808K, used 295427K [0x00000000d5580000, 0x00000000ebe00000, 0x0000000100000000)
  eden space 261632K, 100% used [0x00000000d5580000,0x00000000e5500000,0x00000000e5500000)
  from space 50176K, 67% used [0x00000000e8d00000,0x00000000eae00f48,0x00000000ebe00000)
  to   space 53760K, 0% used [0x00000000e5500000,0x00000000e5500000,0x00000000e8980000)
 ParOldGen       total 239104K, used 109035K [0x0000000080000000, 0x000000008e980000, 0x00000000d5580000)
  object space 239104K, 45% used [0x0000000080000000,0x0000000086a7add8,0x000000008e980000)
 Metaspace       used 132391K, capacity 139066K, committed 139288K, reserved 1169408K
  class space    used 17314K, capacity 18632K, committed 18728K, reserved 1048576K
Event: 302.523 GC heap after
Heap after GC invocations=25 (full 4):
 PSYoungGen      total 315392K, used 38473K [0x00000000d5580000, 0x00000000edb80000, 0x0000000100000000)
  eden space 261632K, 0% used [0x00000000d5580000,0x00000000d5580000,0x00000000e5500000)
  from space 53760K, 71% used [0x00000000e5500000,0x00000000e7a92630,0x00000000e8980000)
  to   space 56320K, 0% used [0x00000000ea480000,0x00000000ea480000,0x00000000edb80000)
 ParOldGen       total 239104K, used 109043K [0x0000000080000000, 0x000000008e980000, 0x00000000d5580000)
  object space 239104K, 45% used [0x0000000080000000,0x0000000086a7cdd8,0x000000008e980000)
 Metaspace       used 132391K, capacity 139066K, committed 139288K, reserved 1169408K
  class space    used 17314K, capacity 18632K, committed 18728K, reserved 1048576K
}
Event: 304.558 GC heap before
{Heap before GC invocations=26 (full 4):
 PSYoungGen      total 315392K, used 300105K [0x00000000d5580000, 0x00000000edb80000, 0x0000000100000000)
  eden space 261632K, 100% used [0x00000000d5580000,0x00000000e5500000,0x00000000e5500000)
  from space 53760K, 71% used [0x00000000e5500000,0x00000000e7a92630,0x00000000e8980000)
  to   space 56320K, 0% used [0x00000000ea480000,0x00000000ea480000,0x00000000edb80000)
 ParOldGen       total 239104K, used 109043K [0x0000000080000000, 0x000000008e980000, 0x00000000d5580000)
  object space 239104K, 45% used [0x0000000080000000,0x0000000086a7cdd8,0x000000008e980000)
 Metaspace       used 149237K, capacity 156566K, committed 156824K, reserved 1185792K
  class space    used 19670K, capacity 21141K, committed 21160K, reserved 1048576K
Event: 304.629 GC heap after
Heap after GC invocations=26 (full 4):
 PSYoungGen      total 317952K, used 56306K [0x00000000d5580000, 0x00000000edb80000, 0x0000000100000000)
  eden space 261632K, 0% used [0x00000000d5580000,0x00000000d5580000,0x00000000e5500000)
  from space 56320K, 99% used [0x00000000ea480000,0x00000000edb7c868,0x00000000edb80000)
  to   space 53760K, 0% used [0x00000000e5500000,0x00000000e5500000,0x00000000e8980000)
 ParOldGen       total 239104K, used 114749K [0x0000000080000000, 0x000000008e980000, 0x00000000d5580000)
  object space 239104K, 47% used [0x0000000080000000,0x000000008700f670,0x000000008e980000)
 Metaspace       used 149237K, capacity 156566K, committed 156824K, reserved 1185792K
  class space    used 19670K, capacity 21141K, committed 21160K, reserved 1048576K
}

