# JRE version: OpenJDK Runtime Environment (8.0_242-b01) (build 1.8.0_242-release-1644-b01)
# Java VM: OpenJDK 64-Bit Server VM (25.242-b01 mixed mode windows-amd64 compressed oops)
Heap:
 PSYoungGen      total 214016K, used 124643K [0x00000000d5580000, 0x00000000e5c80000, 0x0000000100000000)
  eden space 193024K, 53% used [0x00000000d5580000,0x00000000dbac0508,0x00000000e1200000)
  from space 20992K, 99% used [0x00000000e3000000,0x00000000e4478a58,0x00000000e4480000)
  to   space 30720K, 0% used [0x00000000e1200000,0x00000000e1200000,0x00000000e3000000)
 ParOldGen       total 138240K, used 52078K [0x0000000080000000, 0x0000000088700000, 0x00000000d5580000)
  object space 138240K, 37% used [0x0000000080000000,0x00000000832db888,0x0000000088700000)
 Metaspace       used 68578K, capacity 71564K, committed 71832K, reserved 1112064K
  class space    used 9286K, capacity 9881K, committed 9904K, reserved 1048576K
GC Heap History (10 events):
Event: 6.092 GC heap before
{Heap before GC invocations=13 (full 2):
 PSYoungGen      total 143360K, used 143141K [0x00000000d5580000, 0x00000000df900000, 0x0000000100000000)
  eden space 131072K, 100% used [0x00000000d5580000,0x00000000dd580000,0x00000000dd580000)
  from space 12288K, 98% used [0x00000000ded00000,0x00000000df8c9510,0x00000000df900000)
  to   space 13312K, 0% used [0x00000000ddf00000,0x00000000ddf00000,0x00000000dec00000)
 ParOldGen       total 91648K, used 16093K [0x0000000080000000, 0x0000000085980000, 0x00000000d5580000)
  object space 91648K, 17% used [0x0000000080000000,0x0000000080fb7450,0x0000000085980000)
 Metaspace       used 52861K, capacity 54634K, committed 54832K, reserved 1097728K
  class space    used 7033K, capacity 7442K, committed 7472K, reserved 1048576K
Event: 6.120 GC heap after
Heap after GC invocations=13 (full 2):
 PSYoungGen      total 154112K, used 13308K [0x00000000d5580000, 0x00000000e1c00000, 0x0000000100000000)
  eden space 140800K, 0% used [0x00000000d5580000,0x00000000d5580000,0x00000000ddf00000)
  from space 13312K, 99% used [0x00000000ddf00000,0x00000000debff320,0x00000000dec00000)
  to   space 17920K, 0% used [0x00000000e0a80000,0x00000000e0a80000,0x00000000e1c00000)
 ParOldGen       total 91648K, used 24217K [0x0000000080000000, 0x0000000085980000, 0x00000000d5580000)
  object space 91648K, 26% used [0x0000000080000000,0x00000000817a65d8,0x0000000085980000)
 Metaspace       used 52861K, capacity 54634K, committed 54832K, reserved 1097728K
  class space    used 7033K, capacity 7442K, committed 7472K, reserved 1048576K
}
Event: 6.617 GC heap before
{Heap before GC invocations=14 (full 2):
 PSYoungGen      total 154112K, used 60323K [0x00000000d5580000, 0x00000000e1c00000, 0x0000000100000000)
  eden space 140800K, 33% used [0x00000000d5580000,0x00000000d8369b10,0x00000000ddf00000)
  from space 13312K, 99% used [0x00000000ddf00000,0x00000000debff320,0x00000000dec00000)
  to   space 17920K, 0% used [0x00000000e0a80000,0x00000000e0a80000,0x00000000e1c00000)
 ParOldGen       total 91648K, used 24217K [0x0000000080000000, 0x0000000085980000, 0x00000000d5580000)
  object space 91648K, 26% used [0x0000000080000000,0x00000000817a65d8,0x0000000085980000)
 Metaspace       used 56996K, capacity 59026K, committed 59160K, reserved 1099776K
  class space    used 7711K, capacity 8158K, committed 8240K, reserved 1048576K
Event: 6.630 GC heap after
Heap after GC invocations=14 (full 2):
 PSYoungGen      total 184320K, used 13991K [0x00000000d5580000, 0x00000000e2b80000, 0x0000000100000000)
  eden space 166400K, 0% used [0x00000000d5580000,0x00000000d5580000,0x00000000df800000)
  from space 17920K, 78% used [0x00000000e0a80000,0x00000000e1829d18,0x00000000e1c00000)
  to   space 18944K, 0% used [0x00000000df800000,0x00000000df800000,0x00000000e0a80000)
 ParOldGen       total 91648K, used 29455K [0x0000000080000000, 0x0000000085980000, 0x00000000d5580000)
  object space 91648K, 32% used [0x0000000080000000,0x0000000081cc3d28,0x0000000085980000)
 Metaspace       used 56996K, capacity 59026K, committed 59160K, reserved 1099776K
  class space    used 7711K, capacity 8158K, committed 8240K, reserved 1048576K
}
Event: 6.630 GC heap before
{Heap before GC invocations=15 (full 3):
 PSYoungGen      total 184320K, used 13991K [0x00000000d5580000, 0x00000000e2b80000, 0x0000000100000000)
  eden space 166400K, 0% used [0x00000000d5580000,0x00000000d5580000,0x00000000df800000)
  from space 17920K, 78% used [0x00000000e0a80000,0x00000000e1829d18,0x00000000e1c00000)
  to   space 18944K, 0% used [0x00000000df800000,0x00000000df800000,0x00000000e0a80000)
 ParOldGen       total 91648K, used 29455K [0x0000000080000000, 0x0000000085980000, 0x00000000d5580000)
  object space 91648K, 32% used [0x0000000080000000,0x0000000081cc3d28,0x0000000085980000)
 Metaspace       used 56996K, capacity 59026K, committed 59160K, reserved 1099776K
  class space    used 7711K, capacity 8158K, committed 8240K, reserved 1048576K
Event: 6.788 GC heap after
Heap after GC invocations=15 (full 3):
 PSYoungGen      total 184320K, used 0K [0x00000000d5580000, 0x00000000e2b80000, 0x0000000100000000)
  eden space 166400K, 0% used [0x00000000d5580000,0x00000000d5580000,0x00000000df800000)
  from space 17920K, 0% used [0x00000000e0a80000,0x00000000e0a80000,0x00000000e1c00000)
  to   space 18944K, 0% used [0x00000000df800000,0x00000000df800000,0x00000000e0a80000)
 ParOldGen       total 138240K, used 33277K [0x0000000080000000, 0x0000000088700000, 0x00000000d5580000)
  object space 138240K, 24% used [0x0000000080000000,0x000000008207f458,0x0000000088700000)
 Metaspace       used 56987K, capacity 58996K, committed 59160K, reserved 1099776K
  class space    used 7708K, capacity 8153K, committed 8240K, reserved 1048576K
}
Event: 8.276 GC heap before
{Heap before GC invocations=16 (full 3):
 PSYoungGen      total 184320K, used 166400K [0x00000000d5580000, 0x00000000e2b80000, 0x0000000100000000)
  eden space 166400K, 100% used [0x00000000d5580000,0x00000000df800000,0x00000000df800000)
  from space 17920K, 0% used [0x00000000e0a80000,0x00000000e0a80000,0x00000000e1c00000)
  to   space 18944K, 0% used [0x00000000df800000,0x00000000df800000,0x00000000e0a80000)
 ParOldGen       total 138240K, used 33277K [0x0000000080000000, 0x0000000088700000, 0x00000000d5580000)
  object space 138240K, 24% used [0x0000000080000000,0x000000008207f458,0x0000000088700000)
 Metaspace       used 63863K, capacity 66672K, committed 66968K, reserved 1107968K
  class space    used 8735K, capacity 9267K, committed 9392K, reserved 1048576K
Event: 8.291 GC heap after
Heap after GC invocations=16 (full 3):
 PSYoungGen      total 185344K, used 17113K [0x00000000d5580000, 0x00000000e4480000, 0x0000000100000000)
  eden space 166400K, 0% used [0x00000000d5580000,0x00000000d5580000,0x00000000df800000)
  from space 18944K, 90% used [0x00000000df800000,0x00000000e08b6668,0x00000000e0a80000)
  to   space 20992K, 0% used [0x00000000e3000000,0x00000000e3000000,0x00000000e4480000)
 ParOldGen       total 138240K, used 33285K [0x0000000080000000, 0x0000000088700000, 0x00000000d5580000)
  object space 138240K, 24% used [0x0000000080000000,0x0000000082081458,0x0000000088700000)
 Metaspace       used 63863K, capacity 66672K, committed 66968K, reserved 1107968K
  class space    used 8735K, capacity 9267K, committed 9392K, reserved 1048576K
}
Event: 9.687 GC heap before
{Heap before GC invocations=17 (full 3):
 PSYoungGen      total 185344K, used 183513K [0x00000000d5580000, 0x00000000e4480000, 0x0000000100000000)
  eden space 166400K, 100% used [0x00000000d5580000,0x00000000df800000,0x00000000df800000)
  from space 18944K, 90% used [0x00000000df800000,0x00000000e08b6668,0x00000000e0a80000)
  to   space 20992K, 0% used [0x00000000e3000000,0x00000000e3000000,0x00000000e4480000)
 ParOldGen       total 138240K, used 33285K [0x0000000080000000, 0x0000000088700000, 0x00000000d5580000)
  object space 138240K, 24% used [0x0000000080000000,0x0000000082081458,0x0000000088700000)
 Metaspace       used 65801K, capacity 68620K, committed 68760K, reserved 1107968K
  class space    used 8941K, capacity 9527K, committed 9648K, reserved 1048576K
Event: 9.740 GC heap after
Heap after GC invocations=17 (full 3):
 PSYoungGen      total 214016K, used 20962K [0x00000000d5580000, 0x00000000e5c80000, 0x0000000100000000)
  eden space 193024K, 0% used [0x00000000d5580000,0x00000000d5580000,0x00000000e1200000)
  from space 20992K, 99% used [0x00000000e3000000,0x00000000e4478a58,0x00000000e4480000)
  to   space 30720K, 0% used [0x00000000e1200000,0x00000000e1200000,0x00000000e3000000)
 ParOldGen       total 138240K, used 52078K [0x0000000080000000, 0x0000000088700000, 0x00000000d5580000)
  object space 138240K, 37% used [0x0000000080000000,0x00000000832db888,0x0000000088700000)
 Metaspace       used 65801K, capacity 68620K, committed 68760K, reserved 1107968K
  class space    used 8941K, capacity 9527K, committed 9648K, reserved 1048576K
}

