# JRE version: OpenJDK Runtime Environment (8.0_242-b01) (build 1.8.0_242-release-1644-b01)
# Java VM: OpenJDK 64-Bit Server VM (25.242-b01 mixed mode windows-amd64 compressed oops)
Heap:
 PSYoungGen      total 431104K, used 350033K [0x00000000d5580000, 0x00000000f5e80000, 0x0000000100000000)
  eden space 361472K, 93% used [0x00000000d5580000,0x00000000e9ec0640,0x00000000eb680000)
  from space 69632K, 18% used [0x00000000f1a80000,0x00000000f2714198,0x00000000f5e80000)
  to   space 86016K, 0% used [0x00000000eb680000,0x00000000eb680000,0x00000000f0a80000)
 ParOldGen       total 235520K, used 76611K [0x0000000080000000, 0x000000008e600000, 0x00000000d5580000)
  object space 235520K, 32% used [0x0000000080000000,0x0000000084ad0f90,0x000000008e600000)
 Metaspace       used 147289K, capacity 154156K, committed 155544K, reserved 1183744K
  class space    used 19265K, capacity 20541K, committed 20904K, reserved 1048576K
GC Heap History (10 events):
Event: 5837.951 GC heap before
{Heap before GC invocations=27 (full 4):
 PSYoungGen      total 369664K, used 356245K [0x00000000d5580000, 0x00000000f1200000, 0x0000000100000000)
  eden space 302080K, 100% used [0x00000000d5580000,0x00000000e7c80000,0x00000000e7c80000)
  from space 67584K, 80% used [0x00000000ec480000,0x00000000ef9657c0,0x00000000f0680000)
  to   space 73728K, 0% used [0x00000000e7c80000,0x00000000e7c80000,0x00000000ec480000)
 ParOldGen       total 235520K, used 131840K [0x0000000080000000, 0x000000008e600000, 0x00000000d5580000)
  object space 235520K, 55% used [0x0000000080000000,0x00000000880c0140,0x000000008e600000)
 Metaspace       used 136970K, capacity 144292K, committed 144408K, reserved 1173504K
  class space    used 18273K, capacity 19702K, committed 19752K, reserved 1048576K
Event: 5838.032 GC heap after
Heap after GC invocations=27 (full 4):
 PSYoungGen      total 375808K, used 72839K [0x00000000d5580000, 0x00000000f4a80000, 0x0000000100000000)
  eden space 302080K, 0% used [0x00000000d5580000,0x00000000d5580000,0x00000000e7c80000)
  from space 73728K, 98% used [0x00000000e7c80000,0x00000000ec3a1ef0,0x00000000ec480000)
  to   space 84992K, 0% used [0x00000000ef780000,0x00000000ef780000,0x00000000f4a80000)
 ParOldGen       total 235520K, used 131840K [0x0000000080000000, 0x000000008e600000, 0x00000000d5580000)
  object space 235520K, 55% used [0x0000000080000000,0x00000000880c0140,0x000000008e600000)
 Metaspace       used 136970K, capacity 144292K, committed 144408K, reserved 1173504K
  class space    used 18273K, capacity 19702K, committed 19752K, reserved 1048576K
}
Event: 5841.479 GC heap before
{Heap before GC invocations=28 (full 4):
 PSYoungGen      total 375808K, used 367081K [0x00000000d5580000, 0x00000000f4a80000, 0x0000000100000000)
  eden space 302080K, 97% used [0x00000000d5580000,0x00000000e74d8898,0x00000000e7c80000)
  from space 73728K, 98% used [0x00000000e7c80000,0x00000000ec3a1ef0,0x00000000ec480000)
  to   space 84992K, 0% used [0x00000000ef780000,0x00000000ef780000,0x00000000f4a80000)
 ParOldGen       total 235520K, used 131840K [0x0000000080000000, 0x000000008e600000, 0x00000000d5580000)
  object space 235520K, 55% used [0x0000000080000000,0x00000000880c0140,0x000000008e600000)
 Metaspace       used 144305K, capacity 151822K, committed 151960K, reserved 1181696K
  class space    used 19146K, capacity 20609K, committed 20648K, reserved 1048576K
Event: 5841.534 GC heap after
Heap after GC invocations=28 (full 4):
 PSYoungGen      total 423424K, used 58933K [0x00000000d5580000, 0x00000000f5380000, 0x0000000100000000)
  eden space 338432K, 0% used [0x00000000d5580000,0x00000000d5580000,0x00000000ea000000)
  from space 84992K, 69% used [0x00000000ef780000,0x00000000f310d4f0,0x00000000f4a80000)
  to   space 89600K, 0% used [0x00000000ea000000,0x00000000ea000000,0x00000000ef780000)
 ParOldGen       total 235520K, used 131848K [0x0000000080000000, 0x000000008e600000, 0x00000000d5580000)
  object space 235520K, 55% used [0x0000000080000000,0x00000000880c2140,0x000000008e600000)
 Metaspace       used 144305K, capacity 151822K, committed 151960K, reserved 1181696K
  class space    used 19146K, capacity 20609K, committed 20648K, reserved 1048576K
}
Event: 5841.534 GC heap before
{Heap before GC invocations=29 (full 5):
 PSYoungGen      total 423424K, used 58933K [0x00000000d5580000, 0x00000000f5380000, 0x0000000100000000)
  eden space 338432K, 0% used [0x00000000d5580000,0x00000000d5580000,0x00000000ea000000)
  from space 84992K, 69% used [0x00000000ef780000,0x00000000f310d4f0,0x00000000f4a80000)
  to   space 89600K, 0% used [0x00000000ea000000,0x00000000ea000000,0x00000000ef780000)
 ParOldGen       total 235520K, used 131848K [0x0000000080000000, 0x000000008e600000, 0x00000000d5580000)
  object space 235520K, 55% used [0x0000000080000000,0x00000000880c2140,0x000000008e600000)
 Metaspace       used 144305K, capacity 151822K, committed 151960K, reserved 1181696K
  class space    used 19146K, capacity 20609K, committed 20648K, reserved 1048576K
Event: 5841.837 GC heap after
Heap after GC invocations=29 (full 5):
 PSYoungGen      total 423424K, used 0K [0x00000000d5580000, 0x00000000f5380000, 0x0000000100000000)
  eden space 338432K, 0% used [0x00000000d5580000,0x00000000d5580000,0x00000000ea000000)
  from space 84992K, 0% used [0x00000000ef780000,0x00000000ef780000,0x00000000f4a80000)
  to   space 89600K, 0% used [0x00000000ea000000,0x00000000ea000000,0x00000000ef780000)
 ParOldGen       total 235520K, used 76595K [0x0000000080000000, 0x000000008e600000, 0x00000000d5580000)
  object space 235520K, 32% used [0x0000000080000000,0x0000000084accf90,0x000000008e600000)
 Metaspace       used 140156K, capacity 145950K, committed 151960K, reserved 1181696K
  class space    used 18496K, capacity 19596K, committed 20648K, reserved 1048576K
}
Event: 6381.770 GC heap before
{Heap before GC invocations=30 (full 5):
 PSYoungGen      total 423424K, used 338432K [0x00000000d5580000, 0x00000000f5380000, 0x0000000100000000)
  eden space 338432K, 100% used [0x00000000d5580000,0x00000000ea000000,0x00000000ea000000)
  from space 84992K, 0% used [0x00000000ef780000,0x00000000ef780000,0x00000000f4a80000)
  to   space 89600K, 0% used [0x00000000ea000000,0x00000000ea000000,0x00000000ef780000)
 ParOldGen       total 235520K, used 76595K [0x0000000080000000, 0x000000008e600000, 0x00000000d5580000)
  object space 235520K, 32% used [0x0000000080000000,0x0000000084accf90,0x000000008e600000)
 Metaspace       used 146204K, capacity 152722K, committed 155032K, reserved 1183744K
  class space    used 19187K, capacity 20422K, committed 20904K, reserved 1048576K
Event: 6381.788 GC heap after
Heap after GC invocations=30 (full 5):
 PSYoungGen      total 428032K, used 14738K [0x00000000d5580000, 0x00000000f7000000, 0x0000000100000000)
  eden space 338432K, 0% used [0x00000000d5580000,0x00000000d5580000,0x00000000ea000000)
  from space 89600K, 16% used [0x00000000ea000000,0x00000000eae64870,0x00000000ef780000)
  to   space 87552K, 0% used [0x00000000f1a80000,0x00000000f1a80000,0x00000000f7000000)
 ParOldGen       total 235520K, used 76603K [0x0000000080000000, 0x000000008e600000, 0x00000000d5580000)
  object space 235520K, 32% used [0x0000000080000000,0x0000000084acef90,0x000000008e600000)
 Metaspace       used 146204K, capacity 152722K, committed 155032K, reserved 1183744K
  class space    used 19187K, capacity 20422K, committed 20904K, reserved 1048576K
}
Event: 6440.797 GC heap before
{Heap before GC invocations=31 (full 5):
 PSYoungGen      total 428032K, used 353170K [0x00000000d5580000, 0x00000000f7000000, 0x0000000100000000)
  eden space 338432K, 100% used [0x00000000d5580000,0x00000000ea000000,0x00000000ea000000)
  from space 89600K, 16% used [0x00000000ea000000,0x00000000eae64870,0x00000000ef780000)
  to   space 87552K, 0% used [0x00000000f1a80000,0x00000000f1a80000,0x00000000f7000000)
 ParOldGen       total 235520K, used 76603K [0x0000000080000000, 0x000000008e600000, 0x00000000d5580000)
  object space 235520K, 32% used [0x0000000080000000,0x0000000084acef90,0x000000008e600000)
 Metaspace       used 146592K, capacity 153326K, committed 155288K, reserved 1183744K
  class space    used 19219K, capacity 20478K, committed 20904K, reserved 1048576K
Event: 6440.814 GC heap after
Heap after GC invocations=31 (full 5):
 PSYoungGen      total 431104K, used 12880K [0x00000000d5580000, 0x00000000f5e80000, 0x0000000100000000)
  eden space 361472K, 0% used [0x00000000d5580000,0x00000000d5580000,0x00000000eb680000)
  from space 69632K, 18% used [0x00000000f1a80000,0x00000000f2714198,0x00000000f5e80000)
  to   space 86016K, 0% used [0x00000000eb680000,0x00000000eb680000,0x00000000f0a80000)
 ParOldGen       total 235520K, used 76611K [0x0000000080000000, 0x000000008e600000, 0x00000000d5580000)
  object space 235520K, 32% used [0x0000000080000000,0x0000000084ad0f90,0x000000008e600000)
 Metaspace       used 146592K, capacity 153326K, committed 155288K, reserved 1183744K
  class space    used 19219K, capacity 20478K, committed 20904K, reserved 1048576K
}

