# JRE version: OpenJDK Runtime Environment (8.0_242-b01) (build 1.8.0_242-release-1644-b01)
# Java VM: OpenJDK 64-Bit Server VM (25.242-b01 mixed mode windows-amd64 compressed oops)
Heap:
 PSYoungGen      total 564224K, used 169389K [0x00000000d5580000, 0x0000000100000000, 0x0000000100000000)
  eden space 451072K, 15% used [0x00000000d5580000,0x00000000d98c6c48,0x00000000f0e00000)
  from space 113152K, 88% used [0x00000000f0e00000,0x00000000f7024ab8,0x00000000f7c80000)
  to   space 132096K, 0% used [0x00000000f7f00000,0x00000000f7f00000,0x0000000100000000)
 ParOldGen       total 356352K, used 235249K [0x0000000080000000, 0x0000000095c00000, 0x00000000d5580000)
  object space 356352K, 66% used [0x0000000080000000,0x000000008e5bc408,0x0000000095c00000)
 Metaspace       used 206819K, capacity 219595K, committed 226968K, reserved 1247232K
  class space    used 26314K, capacity 28644K, committed 29096K, reserved 1048576K
GC Heap History (10 events):
Event: 17914.513 GC heap before
{Heap before GC invocations=81 (full 8):
 PSYoungGen      total 537088K, used 409992K [0x00000000d5580000, 0x00000000fef80000, 0x0000000100000000)
  eden space 402432K, 100% used [0x00000000d5580000,0x00000000ede80000,0x00000000ede80000)
  from space 134656K, 5% used [0x00000000f6c00000,0x00000000f73622d0,0x00000000fef80000)
  to   space 139776K, 0% used [0x00000000ede80000,0x00000000ede80000,0x00000000f6700000)
 ParOldGen       total 356352K, used 203738K [0x0000000080000000, 0x0000000095c00000, 0x00000000d5580000)
  object space 356352K, 57% used [0x0000000080000000,0x000000008c6f6a70,0x0000000095c00000)
 Metaspace       used 205516K, capacity 218033K, committed 226968K, reserved 1247232K
  class space    used 26181K, capacity 28469K, committed 29096K, reserved 1048576K
Event: 17914.522 GC heap after
Heap after GC invocations=81 (full 8):
 PSYoungGen      total 542208K, used 7147K [0x00000000d5580000, 0x00000000ffa00000, 0x0000000100000000)
  eden space 402432K, 0% used [0x00000000d5580000,0x00000000d5580000,0x00000000ede80000)
  from space 139776K, 5% used [0x00000000ede80000,0x00000000ee57ae48,0x00000000f6700000)
  to   space 134144K, 0% used [0x00000000f7700000,0x00000000f7700000,0x00000000ffa00000)
 ParOldGen       total 356352K, used 205392K [0x0000000080000000, 0x0000000095c00000, 0x00000000d5580000)
  object space 356352K, 57% used [0x0000000080000000,0x000000008c8943c0,0x0000000095c00000)
 Metaspace       used 205516K, capacity 218033K, committed 226968K, reserved 1247232K
  class space    used 26181K, capacity 28469K, committed 29096K, reserved 1048576K
}
Event: 17915.003 GC heap before
{Heap before GC invocations=82 (full 8):
 PSYoungGen      total 542208K, used 409579K [0x00000000d5580000, 0x00000000ffa00000, 0x0000000100000000)
  eden space 402432K, 100% used [0x00000000d5580000,0x00000000ede80000,0x00000000ede80000)
  from space 139776K, 5% used [0x00000000ede80000,0x00000000ee57ae48,0x00000000f6700000)
  to   space 134144K, 0% used [0x00000000f7700000,0x00000000f7700000,0x00000000ffa00000)
 ParOldGen       total 356352K, used 205392K [0x0000000080000000, 0x0000000095c00000, 0x00000000d5580000)
  object space 356352K, 57% used [0x0000000080000000,0x000000008c8943c0,0x0000000095c00000)
 Metaspace       used 205534K, capacity 218033K, committed 226968K, reserved 1247232K
  class space    used 26181K, capacity 28469K, committed 29096K, reserved 1048576K
Event: 17915.023 GC heap after
Heap after GC invocations=82 (full 8):
 PSYoungGen      total 544256K, used 16376K [0x00000000d5580000, 0x00000000feb80000, 0x0000000100000000)
  eden space 424960K, 0% used [0x00000000d5580000,0x00000000d5580000,0x00000000ef480000)
  from space 119296K, 13% used [0x00000000f7700000,0x00000000f86fe1b0,0x00000000feb80000)
  to   space 126464K, 0% used [0x00000000ef480000,0x00000000ef480000,0x00000000f7000000)
 ParOldGen       total 356352K, used 208639K [0x0000000080000000, 0x0000000095c00000, 0x00000000d5580000)
  object space 356352K, 58% used [0x0000000080000000,0x000000008cbbfe20,0x0000000095c00000)
 Metaspace       used 205534K, capacity 218033K, committed 226968K, reserved 1247232K
  class space    used 26181K, capacity 28469K, committed 29096K, reserved 1048576K
}
Event: 17915.599 GC heap before
{Heap before GC invocations=83 (full 8):
 PSYoungGen      total 544256K, used 441336K [0x00000000d5580000, 0x00000000feb80000, 0x0000000100000000)
  eden space 424960K, 100% used [0x00000000d5580000,0x00000000ef480000,0x00000000ef480000)
  from space 119296K, 13% used [0x00000000f7700000,0x00000000f86fe1b0,0x00000000feb80000)
  to   space 126464K, 0% used [0x00000000ef480000,0x00000000ef480000,0x00000000f7000000)
 ParOldGen       total 356352K, used 208639K [0x0000000080000000, 0x0000000095c00000, 0x00000000d5580000)
  object space 356352K, 58% used [0x0000000080000000,0x000000008cbbfe20,0x0000000095c00000)
 Metaspace       used 205583K, capacity 218161K, committed 226968K, reserved 1247232K
  class space    used 26181K, capacity 28469K, committed 29096K, reserved 1048576K
Event: 17915.617 GC heap after
Heap after GC invocations=83 (full 8):
 PSYoungGen      total 551424K, used 3514K [0x00000000d5580000, 0x00000000ffd00000, 0x0000000100000000)
  eden space 424960K, 0% used [0x00000000d5580000,0x00000000d5580000,0x00000000ef480000)
  from space 126464K, 2% used [0x00000000ef480000,0x00000000ef7ee970,0x00000000f7000000)
  to   space 121344K, 0% used [0x00000000f8680000,0x00000000f8680000,0x00000000ffd00000)
 ParOldGen       total 356352K, used 221621K [0x0000000080000000, 0x0000000095c00000, 0x00000000d5580000)
  object space 356352K, 62% used [0x0000000080000000,0x000000008d86d6b0,0x0000000095c00000)
 Metaspace       used 205583K, capacity 218161K, committed 226968K, reserved 1247232K
  class space    used 26181K, capacity 28469K, committed 29096K, reserved 1048576K
}
Event: 17917.397 GC heap before
{Heap before GC invocations=84 (full 8):
 PSYoungGen      total 551424K, used 428474K [0x00000000d5580000, 0x00000000ffd00000, 0x0000000100000000)
  eden space 424960K, 100% used [0x00000000d5580000,0x00000000ef480000,0x00000000ef480000)
  from space 126464K, 2% used [0x00000000ef480000,0x00000000ef7ee970,0x00000000f7000000)
  to   space 121344K, 0% used [0x00000000f8680000,0x00000000f8680000,0x00000000ffd00000)
 ParOldGen       total 356352K, used 221621K [0x0000000080000000, 0x0000000095c00000, 0x00000000d5580000)
  object space 356352K, 62% used [0x0000000080000000,0x000000008d86d6b0,0x0000000095c00000)
 Metaspace       used 205911K, capacity 218523K, committed 226968K, reserved 1247232K
  class space    used 26216K, capacity 28518K, committed 29096K, reserved 1048576K
Event: 17917.412 GC heap after
Heap after GC invocations=84 (full 8):
 PSYoungGen      total 553984K, used 18960K [0x00000000d5580000, 0x00000000feb00000, 0x0000000100000000)
  eden space 451072K, 0% used [0x00000000d5580000,0x00000000d5580000,0x00000000f0e00000)
  from space 102912K, 18% used [0x00000000f8680000,0x00000000f9904238,0x00000000feb00000)
  to   space 113152K, 0% used [0x00000000f0e00000,0x00000000f0e00000,0x00000000f7c80000)
 ParOldGen       total 356352K, used 223199K [0x0000000080000000, 0x0000000095c00000, 0x00000000d5580000)
  object space 356352K, 62% used [0x0000000080000000,0x000000008d9f7fc8,0x0000000095c00000)
 Metaspace       used 205911K, capacity 218523K, committed 226968K, reserved 1247232K
  class space    used 26216K, capacity 28518K, committed 29096K, reserved 1048576K
}
Event: 17919.196 GC heap before
{Heap before GC invocations=85 (full 8):
 PSYoungGen      total 553984K, used 470032K [0x00000000d5580000, 0x00000000feb00000, 0x0000000100000000)
  eden space 451072K, 100% used [0x00000000d5580000,0x00000000f0e00000,0x00000000f0e00000)
  from space 102912K, 18% used [0x00000000f8680000,0x00000000f9904238,0x00000000feb00000)
  to   space 113152K, 0% used [0x00000000f0e00000,0x00000000f0e00000,0x00000000f7c80000)
 ParOldGen       total 356352K, used 223199K [0x0000000080000000, 0x0000000095c00000, 0x00000000d5580000)
  object space 356352K, 62% used [0x0000000080000000,0x000000008d9f7fc8,0x0000000095c00000)
 Metaspace       used 206347K, capacity 219029K, committed 226968K, reserved 1247232K
  class space    used 26240K, capacity 28539K, committed 29096K, reserved 1048576K
Event: 17919.285 GC heap after
Heap after GC invocations=85 (full 8):
 PSYoungGen      total 564224K, used 100498K [0x00000000d5580000, 0x0000000100000000, 0x0000000100000000)
  eden space 451072K, 0% used [0x00000000d5580000,0x00000000d5580000,0x00000000f0e00000)
  from space 113152K, 88% used [0x00000000f0e00000,0x00000000f7024ab8,0x00000000f7c80000)
  to   space 132096K, 0% used [0x00000000f7f00000,0x00000000f7f00000,0x0000000100000000)
 ParOldGen       total 356352K, used 235249K [0x0000000080000000, 0x0000000095c00000, 0x00000000d5580000)
  object space 356352K, 66% used [0x0000000080000000,0x000000008e5bc408,0x0000000095c00000)
 Metaspace       used 206347K, capacity 219029K, committed 226968K, reserved 1247232K
  class space    used 26240K, capacity 28539K, committed 29096K, reserved 1048576K
}

