# JRE version: OpenJDK Runtime Environment (8.0_242-b01) (build 1.8.0_242-release-1644-b01)
# Java VM: OpenJDK 64-Bit Server VM (25.242-b01 mixed mode windows-amd64 compressed oops)
Heap:
 PSYoungGen      total 608768K, used 153148K [0x00000000d5580000, 0x00000000ff680000, 0x0000000100000000)
  eden space 527872K, 22% used [0x00000000d5580000,0x00000000dc7dd9d0,0x00000000f5900000)
  from space 80896K, 44% used [0x00000000fa600000,0x00000000fc931a08,0x00000000ff500000)
  to   space 78848K, 0% used [0x00000000f5900000,0x00000000f5900000,0x00000000fa600000)
 ParOldGen       total 304128K, used 165806K [0x0000000080000000, 0x0000000092900000, 0x00000000d5580000)
  object space 304128K, 54% used [0x0000000080000000,0x000000008a1eba00,0x0000000092900000)
 Metaspace       used 146072K, capacity 154508K, committed 154776K, reserved 1183744K
  class space    used 18714K, capacity 20300K, committed 20376K, reserved 1048576K
GC Heap History (10 events):
Event: 1800.921 GC heap before
{Heap before GC invocations=39 (full 5):
 PSYoungGen      total 588800K, used 500605K [0x00000000d5580000, 0x00000000ffa80000, 0x0000000100000000)
  eden space 486400K, 100% used [0x00000000d5580000,0x00000000f3080000,0x00000000f3080000)
  from space 102400K, 13% used [0x00000000f3080000,0x00000000f3e5f670,0x00000000f9480000)
  to   space 98816K, 0% used [0x00000000f9a00000,0x00000000f9a00000,0x00000000ffa80000)
 ParOldGen       total 304128K, used 152202K [0x0000000080000000, 0x0000000092900000, 0x00000000d5580000)
  object space 304128K, 50% used [0x0000000080000000,0x00000000894a2ad0,0x0000000092900000)
 Metaspace       used 135221K, capacity 142818K, committed 143000K, reserved 1173504K
  class space    used 17268K, capacity 18738K, committed 18840K, reserved 1048576K
Event: 1800.933 GC heap after
Heap after GC invocations=39 (full 5):
 PSYoungGen      total 594944K, used 800K [0x00000000d5580000, 0x00000000ff980000, 0x0000000100000000)
  eden space 497152K, 0% used [0x00000000d5580000,0x00000000d5580000,0x00000000f3b00000)
  from space 97792K, 0% used [0x00000000f9a00000,0x00000000f9ac8000,0x00000000ff980000)
  to   space 97280K, 0% used [0x00000000f3b00000,0x00000000f3b00000,0x00000000f9a00000)
 ParOldGen       total 304128K, used 165782K [0x0000000080000000, 0x0000000092900000, 0x00000000d5580000)
  object space 304128K, 54% used [0x0000000080000000,0x000000008a1e5a00,0x0000000092900000)
 Metaspace       used 135221K, capacity 142818K, committed 143000K, reserved 1173504K
  class space    used 17268K, capacity 18738K, committed 18840K, reserved 1048576K
}
Event: 1805.482 GC heap before
{Heap before GC invocations=40 (full 5):
 PSYoungGen      total 594944K, used 497952K [0x00000000d5580000, 0x00000000ff980000, 0x0000000100000000)
  eden space 497152K, 100% used [0x00000000d5580000,0x00000000f3b00000,0x00000000f3b00000)
  from space 97792K, 0% used [0x00000000f9a00000,0x00000000f9ac8000,0x00000000ff980000)
  to   space 97280K, 0% used [0x00000000f3b00000,0x00000000f3b00000,0x00000000f9a00000)
 ParOldGen       total 304128K, used 165782K [0x0000000080000000, 0x0000000092900000, 0x00000000d5580000)
  object space 304128K, 54% used [0x0000000080000000,0x000000008a1e5a00,0x0000000092900000)
 Metaspace       used 137610K, capacity 145538K, committed 145560K, reserved 1175552K
  class space    used 17557K, capacity 19077K, committed 19096K, reserved 1048576K
Event: 1805.504 GC heap after
Heap after GC invocations=40 (full 5):
 PSYoungGen      total 594432K, used 17577K [0x00000000d5580000, 0x00000000ff580000, 0x0000000100000000)
  eden space 497152K, 0% used [0x00000000d5580000,0x00000000d5580000,0x00000000f3b00000)
  from space 97280K, 18% used [0x00000000f3b00000,0x00000000f4c2a4c0,0x00000000f9a00000)
  to   space 92160K, 0% used [0x00000000f9b80000,0x00000000f9b80000,0x00000000ff580000)
 ParOldGen       total 304128K, used 165790K [0x0000000080000000, 0x0000000092900000, 0x00000000d5580000)
  object space 304128K, 54% used [0x0000000080000000,0x000000008a1e7a00,0x0000000092900000)
 Metaspace       used 137610K, capacity 145538K, committed 145560K, reserved 1175552K
  class space    used 17557K, capacity 19077K, committed 19096K, reserved 1048576K
}
Event: 1833.029 GC heap before
{Heap before GC invocations=41 (full 5):
 PSYoungGen      total 594432K, used 514729K [0x00000000d5580000, 0x00000000ff580000, 0x0000000100000000)
  eden space 497152K, 100% used [0x00000000d5580000,0x00000000f3b00000,0x00000000f3b00000)
  from space 97280K, 18% used [0x00000000f3b00000,0x00000000f4c2a4c0,0x00000000f9a00000)
  to   space 92160K, 0% used [0x00000000f9b80000,0x00000000f9b80000,0x00000000ff580000)
 ParOldGen       total 304128K, used 165790K [0x0000000080000000, 0x0000000092900000, 0x00000000d5580000)
  object space 304128K, 54% used [0x0000000080000000,0x000000008a1e7a00,0x0000000092900000)
 Metaspace       used 140103K, capacity 148278K, committed 148504K, reserved 1177600K
  class space    used 17926K, capacity 19445K, committed 19480K, reserved 1048576K
Event: 1833.068 GC heap after
Heap after GC invocations=41 (full 5):
 PSYoungGen      total 595968K, used 29127K [0x00000000d5580000, 0x00000000ff000000, 0x0000000100000000)
  eden space 509440K, 0% used [0x00000000d5580000,0x00000000d5580000,0x00000000f4700000)
  from space 86528K, 33% used [0x00000000f9b80000,0x00000000fb7f1f60,0x00000000ff000000)
  to   space 86528K, 0% used [0x00000000f4700000,0x00000000f4700000,0x00000000f9b80000)
 ParOldGen       total 304128K, used 165798K [0x0000000080000000, 0x0000000092900000, 0x00000000d5580000)
  object space 304128K, 54% used [0x0000000080000000,0x000000008a1e9a00,0x0000000092900000)
 Metaspace       used 140103K, capacity 148278K, committed 148504K, reserved 1177600K
  class space    used 17926K, capacity 19445K, committed 19480K, reserved 1048576K
}
Event: 1836.227 GC heap before
{Heap before GC invocations=42 (full 5):
 PSYoungGen      total 595968K, used 538567K [0x00000000d5580000, 0x00000000ff000000, 0x0000000100000000)
  eden space 509440K, 100% used [0x00000000d5580000,0x00000000f4700000,0x00000000f4700000)
  from space 86528K, 33% used [0x00000000f9b80000,0x00000000fb7f1f60,0x00000000ff000000)
  to   space 86528K, 0% used [0x00000000f4700000,0x00000000f4700000,0x00000000f9b80000)
 ParOldGen       total 304128K, used 165798K [0x0000000080000000, 0x0000000092900000, 0x00000000d5580000)
  object space 304128K, 54% used [0x0000000080000000,0x000000008a1e9a00,0x0000000092900000)
 Metaspace       used 145459K, capacity 153796K, committed 153880K, reserved 1183744K
  class space    used 18627K, capacity 20232K, committed 20248K, reserved 1048576K
Event: 1836.257 GC heap after
Heap after GC invocations=42 (full 5):
 PSYoungGen      total 595968K, used 28827K [0x00000000d5580000, 0x00000000ff500000, 0x0000000100000000)
  eden space 509440K, 0% used [0x00000000d5580000,0x00000000d5580000,0x00000000f4700000)
  from space 86528K, 33% used [0x00000000f4700000,0x00000000f6326d88,0x00000000f9b80000)
  to   space 80896K, 0% used [0x00000000fa600000,0x00000000fa600000,0x00000000ff500000)
 ParOldGen       total 304128K, used 165806K [0x0000000080000000, 0x0000000092900000, 0x00000000d5580000)
  object space 304128K, 54% used [0x0000000080000000,0x000000008a1eba00,0x0000000092900000)
 Metaspace       used 145459K, capacity 153796K, committed 153880K, reserved 1183744K
  class space    used 18627K, capacity 20232K, committed 20248K, reserved 1048576K
}
Event: 1837.728 GC heap before
{Heap before GC invocations=43 (full 5):
 PSYoungGen      total 595968K, used 538267K [0x00000000d5580000, 0x00000000ff500000, 0x0000000100000000)
  eden space 509440K, 100% used [0x00000000d5580000,0x00000000f4700000,0x00000000f4700000)
  from space 86528K, 33% used [0x00000000f4700000,0x00000000f6326d88,0x00000000f9b80000)
  to   space 80896K, 0% used [0x00000000fa600000,0x00000000fa600000,0x00000000ff500000)
 ParOldGen       total 304128K, used 165806K [0x0000000080000000, 0x0000000092900000, 0x00000000d5580000)
  object space 304128K, 54% used [0x0000000080000000,0x000000008a1eba00,0x0000000092900000)
 Metaspace       used 146019K, capacity 154408K, committed 154520K, reserved 1183744K
  class space    used 18708K, capacity 20292K, committed 20376K, reserved 1048576K
Event: 1837.772 GC heap after
Heap after GC invocations=43 (full 5):
 PSYoungGen      total 608768K, used 36038K [0x00000000d5580000, 0x00000000ff680000, 0x0000000100000000)
  eden space 527872K, 0% used [0x00000000d5580000,0x00000000d5580000,0x00000000f5900000)
  from space 80896K, 44% used [0x00000000fa600000,0x00000000fc931a08,0x00000000ff500000)
  to   space 78848K, 0% used [0x00000000f5900000,0x00000000f5900000,0x00000000fa600000)
 ParOldGen       total 304128K, used 165806K [0x0000000080000000, 0x0000000092900000, 0x00000000d5580000)
  object space 304128K, 54% used [0x0000000080000000,0x000000008a1eba00,0x0000000092900000)
 Metaspace       used 146019K, capacity 154408K, committed 154520K, reserved 1183744K
  class space    used 18708K, capacity 20292K, committed 20376K, reserved 1048576K
}

