# JRE version: OpenJDK Runtime Environment (8.0_242-b01) (build 1.8.0_242-release-1644-b01)
# Java VM: OpenJDK 64-Bit Server VM (25.242-b01 mixed mode windows-amd64 compressed oops)
Heap:
 PSYoungGen      total 142336K, used 31082K [0x00000000d5d00000, 0x00000000e3600000, 0x0000000100000000)
  eden space 123904K, 10% used [0x00000000d5d00000,0x00000000d695b758,0x00000000dd600000)
  from space 18432K, 99% used [0x00000000dee80000,0x00000000e007f180,0x00000000e0080000)
  to   space 25088K, 0% used [0x00000000dd600000,0x00000000dd600000,0x00000000dee80000)
 ParOldGen       total 136192K, used 42142K [0x0000000081600000, 0x0000000089b00000, 0x00000000d5d00000)
  object space 136192K, 30% used [0x0000000081600000,0x0000000083f27af8,0x0000000089b00000)
 Metaspace       used 48344K, capacity 49179K, committed 49536K, reserved 1093632K
  class space    used 5985K, capacity 6227K, committed 6272K, reserved 1048576K
GC Heap History (10 events):
Event: 1.199 GC heap before
{Heap before GC invocations=4 (full 1):
 PSYoungGen      total 71680K, used 5093K [0x00000000d5d00000, 0x00000000de900000, 0x0000000100000000)
  eden space 66560K, 0% used [0x00000000d5d00000,0x00000000d5d00000,0x00000000d9e00000)
  from space 5120K, 99% used [0x00000000d9e00000,0x00000000da2f9650,0x00000000da300000)
  to   space 5120K, 0% used [0x00000000de400000,0x00000000de400000,0x00000000de900000)
 ParOldGen       total 87552K, used 17554K [0x0000000081600000, 0x0000000086b80000, 0x00000000d5d00000)
  object space 87552K, 20% used [0x0000000081600000,0x0000000082724a20,0x0000000086b80000)
 Metaspace       used 20642K, capacity 21110K, committed 21248K, reserved 1069056K
  class space    used 2359K, capacity 2509K, committed 2560K, reserved 1048576K
Event: 1.243 GC heap after
Heap after GC invocations=4 (full 1):
 PSYoungGen      total 71680K, used 0K [0x00000000d5d00000, 0x00000000de900000, 0x0000000100000000)
  eden space 66560K, 0% used [0x00000000d5d00000,0x00000000d5d00000,0x00000000d9e00000)
  from space 5120K, 0% used [0x00000000d9e00000,0x00000000d9e00000,0x00000000da300000)
  to   space 5120K, 0% used [0x00000000de400000,0x00000000de400000,0x00000000de900000)
 ParOldGen       total 79360K, used 14841K [0x0000000081600000, 0x0000000086380000, 0x00000000d5d00000)
  object space 79360K, 18% used [0x0000000081600000,0x000000008247e6b8,0x0000000086380000)
 Metaspace       used 20642K, capacity 21110K, committed 21248K, reserved 1069056K
  class space    used 2359K, capacity 2509K, committed 2560K, reserved 1048576K
}
Event: 2.027 GC heap before
{Heap before GC invocations=5 (full 1):
 PSYoungGen      total 71680K, used 66560K [0x00000000d5d00000, 0x00000000de900000, 0x0000000100000000)
  eden space 66560K, 100% used [0x00000000d5d00000,0x00000000d9e00000,0x00000000d9e00000)
  from space 5120K, 0% used [0x00000000d9e00000,0x00000000d9e00000,0x00000000da300000)
  to   space 5120K, 0% used [0x00000000de400000,0x00000000de400000,0x00000000de900000)
 ParOldGen       total 79360K, used 14841K [0x0000000081600000, 0x0000000086380000, 0x00000000d5d00000)
  object space 79360K, 18% used [0x0000000081600000,0x000000008247e6b8,0x0000000086380000)
 Metaspace       used 30480K, capacity 31076K, committed 31232K, reserved 1077248K
  class space    used 3831K, capacity 4028K, committed 4096K, reserved 1048576K
Event: 2.039 GC heap after
Heap after GC invocations=5 (full 1):
 PSYoungGen      total 97792K, used 5094K [0x00000000d5d00000, 0x00000000de900000, 0x0000000100000000)
  eden space 92672K, 0% used [0x00000000d5d00000,0x00000000d5d00000,0x00000000db780000)
  from space 5120K, 99% used [0x00000000de400000,0x00000000de8f9880,0x00000000de900000)
  to   space 5120K, 0% used [0x00000000ddf00000,0x00000000ddf00000,0x00000000de400000)
 ParOldGen       total 79360K, used 26054K [0x0000000081600000, 0x0000000086380000, 0x00000000d5d00000)
  object space 79360K, 32% used [0x0000000081600000,0x0000000082f71a80,0x0000000086380000)
 Metaspace       used 30480K, capacity 31076K, committed 31232K, reserved 1077248K
  class space    used 3831K, capacity 4028K, committed 4096K, reserved 1048576K
}
Event: 2.316 GC heap before
{Heap before GC invocations=6 (full 1):
 PSYoungGen      total 97792K, used 29525K [0x00000000d5d00000, 0x00000000de900000, 0x0000000100000000)
  eden space 92672K, 26% used [0x00000000d5d00000,0x00000000d74dbf60,0x00000000db780000)
  from space 5120K, 99% used [0x00000000de400000,0x00000000de8f9880,0x00000000de900000)
  to   space 5120K, 0% used [0x00000000ddf00000,0x00000000ddf00000,0x00000000de400000)
 ParOldGen       total 79360K, used 26054K [0x0000000081600000, 0x0000000086380000, 0x00000000d5d00000)
  object space 79360K, 32% used [0x0000000081600000,0x0000000082f71a80,0x0000000086380000)
 Metaspace       used 34659K, capacity 35218K, committed 35416K, reserved 1081344K
  class space    used 4399K, capacity 4575K, committed 4608K, reserved 1048576K
Event: 2.325 GC heap after
Heap after GC invocations=6 (full 1):
 PSYoungGen      total 135680K, used 5094K [0x00000000d5d00000, 0x00000000e0080000, 0x0000000100000000)
  eden space 130560K, 0% used [0x00000000d5d00000,0x00000000d5d00000,0x00000000ddc80000)
  from space 5120K, 99% used [0x00000000ddf00000,0x00000000de3f9880,0x00000000de400000)
  to   space 18432K, 0% used [0x00000000dee80000,0x00000000dee80000,0x00000000e0080000)
 ParOldGen       total 79360K, used 32451K [0x0000000081600000, 0x0000000086380000, 0x00000000d5d00000)
  object space 79360K, 40% used [0x0000000081600000,0x00000000835b0f28,0x0000000086380000)
 Metaspace       used 34659K, capacity 35218K, committed 35416K, reserved 1081344K
  class space    used 4399K, capacity 4575K, committed 4608K, reserved 1048576K
}
Event: 2.325 GC heap before
{Heap before GC invocations=7 (full 2):
 PSYoungGen      total 135680K, used 5094K [0x00000000d5d00000, 0x00000000e0080000, 0x0000000100000000)
  eden space 130560K, 0% used [0x00000000d5d00000,0x00000000d5d00000,0x00000000ddc80000)
  from space 5120K, 99% used [0x00000000ddf00000,0x00000000de3f9880,0x00000000de400000)
  to   space 18432K, 0% used [0x00000000dee80000,0x00000000dee80000,0x00000000e0080000)
 ParOldGen       total 79360K, used 32451K [0x0000000081600000, 0x0000000086380000, 0x00000000d5d00000)
  object space 79360K, 40% used [0x0000000081600000,0x00000000835b0f28,0x0000000086380000)
 Metaspace       used 34659K, capacity 35218K, committed 35416K, reserved 1081344K
  class space    used 4399K, capacity 4575K, committed 4608K, reserved 1048576K
Event: 2.388 GC heap after
Heap after GC invocations=7 (full 2):
 PSYoungGen      total 135680K, used 0K [0x00000000d5d00000, 0x00000000e0080000, 0x0000000100000000)
  eden space 130560K, 0% used [0x00000000d5d00000,0x00000000d5d00000,0x00000000ddc80000)
  from space 5120K, 0% used [0x00000000ddf00000,0x00000000ddf00000,0x00000000de400000)
  to   space 18432K, 0% used [0x00000000dee80000,0x00000000dee80000,0x00000000e0080000)
 ParOldGen       total 136192K, used 34486K [0x0000000081600000, 0x0000000089b00000, 0x00000000d5d00000)
  object space 136192K, 25% used [0x0000000081600000,0x00000000837adb68,0x0000000089b00000)
 Metaspace       used 34659K, capacity 35218K, committed 35416K, reserved 1081344K
  class space    used 4399K, capacity 4575K, committed 4608K, reserved 1048576K
}
Event: 3.961 GC heap before
{Heap before GC invocations=8 (full 2):
 PSYoungGen      total 135680K, used 130560K [0x00000000d5d00000, 0x00000000e0080000, 0x0000000100000000)
  eden space 130560K, 100% used [0x00000000d5d00000,0x00000000ddc80000,0x00000000ddc80000)
  from space 5120K, 0% used [0x00000000ddf00000,0x00000000ddf00000,0x00000000de400000)
  to   space 18432K, 0% used [0x00000000dee80000,0x00000000dee80000,0x00000000e0080000)
 ParOldGen       total 136192K, used 34486K [0x0000000081600000, 0x0000000089b00000, 0x00000000d5d00000)
  object space 136192K, 25% used [0x0000000081600000,0x00000000837adb68,0x0000000089b00000)
 Metaspace       used 47402K, capacity 48203K, committed 48640K, reserved 1091584K
  class space    used 5863K, capacity 6095K, committed 6144K, reserved 1048576K
Event: 3.981 GC heap after
Heap after GC invocations=8 (full 2):
 PSYoungGen      total 142336K, used 18428K [0x00000000d5d00000, 0x00000000e3600000, 0x0000000100000000)
  eden space 123904K, 0% used [0x00000000d5d00000,0x00000000d5d00000,0x00000000dd600000)
  from space 18432K, 99% used [0x00000000dee80000,0x00000000e007f180,0x00000000e0080000)
  to   space 25088K, 0% used [0x00000000dd600000,0x00000000dd600000,0x00000000dee80000)
 ParOldGen       total 136192K, used 42142K [0x0000000081600000, 0x0000000089b00000, 0x00000000d5d00000)
  object space 136192K, 30% used [0x0000000081600000,0x0000000083f27af8,0x0000000089b00000)
 Metaspace       used 47402K, capacity 48203K, committed 48640K, reserved 1091584K
  class space    used 5863K, capacity 6095K, committed 6144K, reserved 1048576K
}

