# JRE version: OpenJDK Runtime Environment (8.0_242-b01) (build 1.8.0_242-release-1644-b01)
# Java VM: OpenJDK 64-Bit Server VM (25.242-b01 mixed mode windows-amd64 compressed oops)
Heap:
 PSYoungGen      total 449536K, used 269512K [0x00000000d5580000, 0x00000000f5600000, 0x0000000100000000)
  eden space 389632K, 64% used [0x00000000d5580000,0x00000000e4c00a20,0x00000000ed200000)
  from space 59904K, 28% used [0x00000000ed200000,0x00000000ee2b16d0,0x00000000f0c80000)
  to   space 57856K, 0% used [0x00000000f1d80000,0x00000000f1d80000,0x00000000f5600000)
 ParOldGen       total 288768K, used 117326K [0x0000000080000000, 0x0000000091a00000, 0x00000000d5580000)
  object space 288768K, 40% used [0x0000000080000000,0x0000000087293aa0,0x0000000091a00000)
 Metaspace       used 175612K, capacity 186546K, committed 186736K, reserved 1210368K
  class space    used 23116K, capacity 25169K, committed 25256K, reserved 1048576K
GC Heap History (10 events):
Event: 944.439 GC heap before
{Heap before GC invocations=28 (full 5):
 PSYoungGen      total 389120K, used 55273K [0x00000000d5580000, 0x00000000f4180000, 0x0000000100000000)
  eden space 333824K, 0% used [0x00000000d5580000,0x00000000d5580000,0x00000000e9b80000)
  from space 55296K, 99% used [0x00000000e9b80000,0x00000000ed17a680,0x00000000ed180000)
  to   space 69120K, 0% used [0x00000000efe00000,0x00000000efe00000,0x00000000f4180000)
 ParOldGen       total 197632K, used 79504K [0x0000000080000000, 0x000000008c100000, 0x00000000d5580000)
  object space 197632K, 40% used [0x0000000080000000,0x0000000084da41a8,0x000000008c100000)
 Metaspace       used 155007K, capacity 164254K, committed 164336K, reserved 1191936K
  class space    used 20734K, capacity 22547K, committed 22568K, reserved 1048576K
Event: 944.803 GC heap after
Heap after GC invocations=28 (full 5):
 PSYoungGen      total 389120K, used 0K [0x00000000d5580000, 0x00000000f4180000, 0x0000000100000000)
  eden space 333824K, 0% used [0x00000000d5580000,0x00000000d5580000,0x00000000e9b80000)
  from space 55296K, 0% used [0x00000000e9b80000,0x00000000e9b80000,0x00000000ed180000)
  to   space 69120K, 0% used [0x00000000efe00000,0x00000000efe00000,0x00000000f4180000)
 ParOldGen       total 288768K, used 117286K [0x0000000080000000, 0x0000000091a00000, 0x00000000d5580000)
  object space 288768K, 40% used [0x0000000080000000,0x0000000087289aa0,0x0000000091a00000)
 Metaspace       used 154469K, capacity 162956K, committed 164336K, reserved 1191936K
  class space    used 20541K, capacity 22200K, committed 22568K, reserved 1048576K
}
Event: 961.472 GC heap before
{Heap before GC invocations=29 (full 5):
 PSYoungGen      total 389120K, used 333824K [0x00000000d5580000, 0x00000000f4180000, 0x0000000100000000)
  eden space 333824K, 100% used [0x00000000d5580000,0x00000000e9b80000,0x00000000e9b80000)
  from space 55296K, 0% used [0x00000000e9b80000,0x00000000e9b80000,0x00000000ed180000)
  to   space 69120K, 0% used [0x00000000efe00000,0x00000000efe00000,0x00000000f4180000)
 ParOldGen       total 288768K, used 117286K [0x0000000080000000, 0x0000000091a00000, 0x00000000d5580000)
  object space 288768K, 40% used [0x0000000080000000,0x0000000087289aa0,0x0000000091a00000)
 Metaspace       used 162158K, capacity 170880K, committed 172016K, reserved 1198080K
  class space    used 21343K, capacity 23060K, committed 23336K, reserved 1048576K
Event: 961.487 GC heap after
Heap after GC invocations=29 (full 5):
 PSYoungGen      total 431616K, used 17573K [0x00000000d5580000, 0x00000000f3d80000, 0x0000000100000000)
  eden space 366592K, 0% used [0x00000000d5580000,0x00000000d5580000,0x00000000ebb80000)
  from space 65024K, 27% used [0x00000000efe00000,0x00000000f0f295d0,0x00000000f3d80000)
  to   space 66560K, 0% used [0x00000000ebb80000,0x00000000ebb80000,0x00000000efc80000)
 ParOldGen       total 288768K, used 117294K [0x0000000080000000, 0x0000000091a00000, 0x00000000d5580000)
  object space 288768K, 40% used [0x0000000080000000,0x000000008728baa0,0x0000000091a00000)
 Metaspace       used 162158K, capacity 170880K, committed 172016K, reserved 1198080K
  class space    used 21343K, capacity 23060K, committed 23336K, reserved 1048576K
}
Event: 1949.767 GC heap before
{Heap before GC invocations=30 (full 5):
 PSYoungGen      total 431616K, used 384165K [0x00000000d5580000, 0x00000000f3d80000, 0x0000000100000000)
  eden space 366592K, 100% used [0x00000000d5580000,0x00000000ebb80000,0x00000000ebb80000)
  from space 65024K, 27% used [0x00000000efe00000,0x00000000f0f295d0,0x00000000f3d80000)
  to   space 66560K, 0% used [0x00000000ebb80000,0x00000000ebb80000,0x00000000efc80000)
 ParOldGen       total 288768K, used 117294K [0x0000000080000000, 0x0000000091a00000, 0x00000000d5580000)
  object space 288768K, 40% used [0x0000000080000000,0x000000008728baa0,0x0000000091a00000)
 Metaspace       used 173794K, capacity 183988K, committed 184176K, reserved 1208320K
  class space    used 23011K, capacity 24970K, committed 25000K, reserved 1048576K
Event: 1949.795 GC heap after
Heap after GC invocations=30 (full 5):
 PSYoungGen      total 433152K, used 24662K [0x00000000d5580000, 0x00000000f4b80000, 0x0000000100000000)
  eden space 366592K, 0% used [0x00000000d5580000,0x00000000d5580000,0x00000000ebb80000)
  from space 66560K, 37% used [0x00000000ebb80000,0x00000000ed3959e0,0x00000000efc80000)
  to   space 62976K, 0% used [0x00000000f0e00000,0x00000000f0e00000,0x00000000f4b80000)
 ParOldGen       total 288768K, used 117310K [0x0000000080000000, 0x0000000091a00000, 0x00000000d5580000)
  object space 288768K, 40% used [0x0000000080000000,0x000000008728faa0,0x0000000091a00000)
 Metaspace       used 173794K, capacity 183988K, committed 184176K, reserved 1208320K
  class space    used 23011K, capacity 24970K, committed 25000K, reserved 1048576K
}
Event: 1954.116 GC heap before
{Heap before GC invocations=31 (full 5):
 PSYoungGen      total 433152K, used 391254K [0x00000000d5580000, 0x00000000f4b80000, 0x0000000100000000)
  eden space 366592K, 100% used [0x00000000d5580000,0x00000000ebb80000,0x00000000ebb80000)
  from space 66560K, 37% used [0x00000000ebb80000,0x00000000ed3959e0,0x00000000efc80000)
  to   space 62976K, 0% used [0x00000000f0e00000,0x00000000f0e00000,0x00000000f4b80000)
 ParOldGen       total 288768K, used 117310K [0x0000000080000000, 0x0000000091a00000, 0x00000000d5580000)
  object space 288768K, 40% used [0x0000000080000000,0x000000008728faa0,0x0000000091a00000)
 Metaspace       used 174546K, capacity 184966K, committed 185072K, reserved 1210368K
  class space    used 23034K, capacity 25027K, committed 25128K, reserved 1048576K
Event: 1954.143 GC heap after
Heap after GC invocations=31 (full 5):
 PSYoungGen      total 448000K, used 21061K [0x00000000d5580000, 0x00000000f4700000, 0x0000000100000000)
  eden space 389632K, 0% used [0x00000000d5580000,0x00000000d5580000,0x00000000ed200000)
  from space 58368K, 36% used [0x00000000f0e00000,0x00000000f2291620,0x00000000f4700000)
  to   space 59904K, 0% used [0x00000000ed200000,0x00000000ed200000,0x00000000f0c80000)
 ParOldGen       total 288768K, used 117318K [0x0000000080000000, 0x0000000091a00000, 0x00000000d5580000)
  object space 288768K, 40% used [0x0000000080000000,0x0000000087291aa0,0x0000000091a00000)
 Metaspace       used 174546K, capacity 184966K, committed 185072K, reserved 1210368K
  class space    used 23034K, capacity 25027K, committed 25128K, reserved 1048576K
}
Event: 2577.266 GC heap before
{Heap before GC invocations=32 (full 5):
 PSYoungGen      total 448000K, used 410693K [0x00000000d5580000, 0x00000000f4700000, 0x0000000100000000)
  eden space 389632K, 100% used [0x00000000d5580000,0x00000000ed200000,0x00000000ed200000)
  from space 58368K, 36% used [0x00000000f0e00000,0x00000000f2291620,0x00000000f4700000)
  to   space 59904K, 0% used [0x00000000ed200000,0x00000000ed200000,0x00000000f0c80000)
 ParOldGen       total 288768K, used 117318K [0x0000000080000000, 0x0000000091a00000, 0x00000000d5580000)
  object space 288768K, 40% used [0x0000000080000000,0x0000000087291aa0,0x0000000091a00000)
 Metaspace       used 175137K, capacity 186134K, committed 186480K, reserved 1210368K
  class space    used 23111K, capacity 25165K, committed 25256K, reserved 1048576K
Event: 2577.281 GC heap after
Heap after GC invocations=32 (full 5):
 PSYoungGen      total 449536K, used 17093K [0x00000000d5580000, 0x00000000f5600000, 0x0000000100000000)
  eden space 389632K, 0% used [0x00000000d5580000,0x00000000d5580000,0x00000000ed200000)
  from space 59904K, 28% used [0x00000000ed200000,0x00000000ee2b16d0,0x00000000f0c80000)
  to   space 57856K, 0% used [0x00000000f1d80000,0x00000000f1d80000,0x00000000f5600000)
 ParOldGen       total 288768K, used 117326K [0x0000000080000000, 0x0000000091a00000, 0x00000000d5580000)
  object space 288768K, 40% used [0x0000000080000000,0x0000000087293aa0,0x0000000091a00000)
 Metaspace       used 175137K, capacity 186134K, committed 186480K, reserved 1210368K
  class space    used 23111K, capacity 25165K, committed 25256K, reserved 1048576K
}

