# JRE version: OpenJDK Runtime Environment (8.0_242-b01) (build 1.8.0_242-release-1644-b01)
# Java VM: OpenJDK 64-Bit Server VM (25.242-b01 mixed mode windows-amd64 compressed oops)
Heap:
 PSYoungGen      total 151040K, used 34906K [0x00000000d5d00000, 0x00000000e0300000, 0x0000000100000000)
  eden space 133120K, 12% used [0x00000000d5d00000,0x00000000d6d98a00,0x00000000ddf00000)
  from space 17920K, 99% used [0x00000000df180000,0x00000000e02fe0e0,0x00000000e0300000)
  to   space 5120K, 0% used [0x00000000ddf00000,0x00000000ddf00000,0x00000000de400000)
 ParOldGen       total 124928K, used 36229K [0x0000000081600000, 0x0000000089000000, 0x00000000d5d00000)
  object space 124928K, 29% used [0x0000000081600000,0x0000000083961658,0x0000000089000000)
 Metaspace       used 50901K, capacity 51791K, committed 52224K, reserved 1095680K
  class space    used 6363K, capacity 6613K, committed 6656K, reserved 1048576K
GC Heap History (10 events):
Event: 1.158 GC heap before
{Heap before GC invocations=4 (full 1):
 PSYoungGen      total 71680K, used 5109K [0x00000000d5d00000, 0x00000000de900000, 0x0000000100000000)
  eden space 66560K, 0% used [0x00000000d5d00000,0x00000000d5d00000,0x00000000d9e00000)
  from space 5120K, 99% used [0x00000000d9e00000,0x00000000da2fd660,0x00000000da300000)
  to   space 5120K, 0% used [0x00000000de400000,0x00000000de400000,0x00000000de900000)
 ParOldGen       total 87552K, used 17629K [0x0000000081600000, 0x0000000086b80000, 0x00000000d5d00000)
  object space 87552K, 20% used [0x0000000081600000,0x0000000082737508,0x0000000086b80000)
 Metaspace       used 20752K, capacity 21210K, committed 21296K, reserved 1069056K
  class space    used 2374K, capacity 2545K, committed 2560K, reserved 1048576K
Event: 1.196 GC heap after
Heap after GC invocations=4 (full 1):
 PSYoungGen      total 71680K, used 0K [0x00000000d5d00000, 0x00000000de900000, 0x0000000100000000)
  eden space 66560K, 0% used [0x00000000d5d00000,0x00000000d5d00000,0x00000000d9e00000)
  from space 5120K, 0% used [0x00000000d9e00000,0x00000000d9e00000,0x00000000da300000)
  to   space 5120K, 0% used [0x00000000de400000,0x00000000de400000,0x00000000de900000)
 ParOldGen       total 78848K, used 15064K [0x0000000081600000, 0x0000000086300000, 0x00000000d5d00000)
  object space 78848K, 19% used [0x0000000081600000,0x00000000824b6230,0x0000000086300000)
 Metaspace       used 20752K, capacity 21210K, committed 21296K, reserved 1069056K
  class space    used 2374K, capacity 2545K, committed 2560K, reserved 1048576K
}
Event: 1.948 GC heap before
{Heap before GC invocations=5 (full 1):
 PSYoungGen      total 71680K, used 66560K [0x00000000d5d00000, 0x00000000de900000, 0x0000000100000000)
  eden space 66560K, 100% used [0x00000000d5d00000,0x00000000d9e00000,0x00000000d9e00000)
  from space 5120K, 0% used [0x00000000d9e00000,0x00000000d9e00000,0x00000000da300000)
  to   space 5120K, 0% used [0x00000000de400000,0x00000000de400000,0x00000000de900000)
 ParOldGen       total 78848K, used 15064K [0x0000000081600000, 0x0000000086300000, 0x00000000d5d00000)
  object space 78848K, 19% used [0x0000000081600000,0x00000000824b6230,0x0000000086300000)
 Metaspace       used 29967K, capacity 30492K, committed 30592K, reserved 1075200K
  class space    used 3795K, capacity 3964K, committed 3968K, reserved 1048576K
Event: 1.958 GC heap after
Heap after GC invocations=5 (full 1):
 PSYoungGen      total 99328K, used 5094K [0x00000000d5d00000, 0x00000000de900000, 0x0000000100000000)
  eden space 94208K, 0% used [0x00000000d5d00000,0x00000000d5d00000,0x00000000db900000)
  from space 5120K, 99% used [0x00000000de400000,0x00000000de8f9880,0x00000000de900000)
  to   space 5120K, 0% used [0x00000000ddf00000,0x00000000ddf00000,0x00000000de400000)
 ParOldGen       total 78848K, used 25461K [0x0000000081600000, 0x0000000086300000, 0x00000000d5d00000)
  object space 78848K, 32% used [0x0000000081600000,0x0000000082edd6c0,0x0000000086300000)
 Metaspace       used 29967K, capacity 30492K, committed 30592K, reserved 1075200K
  class space    used 3795K, capacity 3964K, committed 3968K, reserved 1048576K
}
Event: 2.261 GC heap before
{Heap before GC invocations=6 (full 1):
 PSYoungGen      total 99328K, used 35521K [0x00000000d5d00000, 0x00000000de900000, 0x0000000100000000)
  eden space 94208K, 32% used [0x00000000d5d00000,0x00000000d7ab6cc0,0x00000000db900000)
  from space 5120K, 99% used [0x00000000de400000,0x00000000de8f9880,0x00000000de900000)
  to   space 5120K, 0% used [0x00000000ddf00000,0x00000000ddf00000,0x00000000de400000)
 ParOldGen       total 78848K, used 25461K [0x0000000081600000, 0x0000000086300000, 0x00000000d5d00000)
  object space 78848K, 32% used [0x0000000081600000,0x0000000082edd6c0,0x0000000086300000)
 Metaspace       used 34771K, capacity 35286K, committed 35496K, reserved 1081344K
  class space    used 4406K, capacity 4577K, committed 4608K, reserved 1048576K
Event: 2.269 GC heap after
Heap after GC invocations=6 (full 1):
 PSYoungGen      total 138240K, used 5094K [0x00000000d5d00000, 0x00000000e0300000, 0x0000000100000000)
  eden space 133120K, 0% used [0x00000000d5d00000,0x00000000d5d00000,0x00000000ddf00000)
  from space 5120K, 99% used [0x00000000ddf00000,0x00000000de3f9880,0x00000000de400000)
  to   space 17920K, 0% used [0x00000000df180000,0x00000000df180000,0x00000000e0300000)
 ParOldGen       total 78848K, used 33069K [0x0000000081600000, 0x0000000086300000, 0x00000000d5d00000)
  object space 78848K, 41% used [0x0000000081600000,0x000000008364b448,0x0000000086300000)
 Metaspace       used 34771K, capacity 35286K, committed 35496K, reserved 1081344K
  class space    used 4406K, capacity 4577K, committed 4608K, reserved 1048576K
}
Event: 2.269 GC heap before
{Heap before GC invocations=7 (full 2):
 PSYoungGen      total 138240K, used 5094K [0x00000000d5d00000, 0x00000000e0300000, 0x0000000100000000)
  eden space 133120K, 0% used [0x00000000d5d00000,0x00000000d5d00000,0x00000000ddf00000)
  from space 5120K, 99% used [0x00000000ddf00000,0x00000000de3f9880,0x00000000de400000)
  to   space 17920K, 0% used [0x00000000df180000,0x00000000df180000,0x00000000e0300000)
 ParOldGen       total 78848K, used 33069K [0x0000000081600000, 0x0000000086300000, 0x00000000d5d00000)
  object space 78848K, 41% used [0x0000000081600000,0x000000008364b448,0x0000000086300000)
 Metaspace       used 34771K, capacity 35286K, committed 35496K, reserved 1081344K
  class space    used 4406K, capacity 4577K, committed 4608K, reserved 1048576K
Event: 2.324 GC heap after
Heap after GC invocations=7 (full 2):
 PSYoungGen      total 138240K, used 0K [0x00000000d5d00000, 0x00000000e0300000, 0x0000000100000000)
  eden space 133120K, 0% used [0x00000000d5d00000,0x00000000d5d00000,0x00000000ddf00000)
  from space 5120K, 0% used [0x00000000ddf00000,0x00000000ddf00000,0x00000000de400000)
  to   space 17920K, 0% used [0x00000000df180000,0x00000000df180000,0x00000000e0300000)
 ParOldGen       total 124928K, used 26620K [0x0000000081600000, 0x0000000089000000, 0x00000000d5d00000)
  object space 124928K, 21% used [0x0000000081600000,0x0000000082fff2b0,0x0000000089000000)
 Metaspace       used 34771K, capacity 35286K, committed 35496K, reserved 1081344K
  class space    used 4406K, capacity 4577K, committed 4608K, reserved 1048576K
}
Event: 4.141 GC heap before
{Heap before GC invocations=8 (full 2):
 PSYoungGen      total 138240K, used 133120K [0x00000000d5d00000, 0x00000000e0300000, 0x0000000100000000)
  eden space 133120K, 100% used [0x00000000d5d00000,0x00000000ddf00000,0x00000000ddf00000)
  from space 5120K, 0% used [0x00000000ddf00000,0x00000000ddf00000,0x00000000de400000)
  to   space 17920K, 0% used [0x00000000df180000,0x00000000df180000,0x00000000e0300000)
 ParOldGen       total 124928K, used 26620K [0x0000000081600000, 0x0000000089000000, 0x00000000d5d00000)
  object space 124928K, 21% used [0x0000000081600000,0x0000000082fff2b0,0x0000000089000000)
 Metaspace       used 49699K, capacity 50549K, committed 51072K, reserved 1093632K
  class space    used 6153K, capacity 6402K, committed 6528K, reserved 1048576K
Event: 4.162 GC heap after
Heap after GC invocations=8 (full 2):
 PSYoungGen      total 151040K, used 17912K [0x00000000d5d00000, 0x00000000e0300000, 0x0000000100000000)
  eden space 133120K, 0% used [0x00000000d5d00000,0x00000000d5d00000,0x00000000ddf00000)
  from space 17920K, 99% used [0x00000000df180000,0x00000000e02fe0e0,0x00000000e0300000)
  to   space 5120K, 0% used [0x00000000ddf00000,0x00000000ddf00000,0x00000000de400000)
 ParOldGen       total 124928K, used 36229K [0x0000000081600000, 0x0000000089000000, 0x00000000d5d00000)
  object space 124928K, 29% used [0x0000000081600000,0x0000000083961658,0x0000000089000000)
 Metaspace       used 49699K, capacity 50549K, committed 51072K, reserved 1093632K
  class space    used 6153K, capacity 6402K, committed 6528K, reserved 1048576K
}

