# JRE version: OpenJDK Runtime Environment (8.0_242-b01) (build 1.8.0_242-release-1644-b01)
# Java VM: OpenJDK 64-Bit Server VM (25.242-b01 mixed mode windows-amd64 compressed oops)
Heap:
 PSYoungGen      total 427008K, used 327010K [0x00000000d5580000, 0x00000000f8080000, 0x0000000100000000)
  eden space 368640K, 83% used [0x00000000d5580000,0x00000000e818e468,0x00000000ebd80000)
  from space 58368K, 33% used [0x00000000ebd80000,0x00000000ed0ca408,0x00000000ef680000)
  to   space 54784K, 0% used [0x00000000f4b00000,0x00000000f4b00000,0x00000000f8080000)
 ParOldGen       total 286720K, used 106288K [0x0000000080000000, 0x0000000091800000, 0x00000000d5580000)
  object space 286720K, 37% used [0x0000000080000000,0x00000000867cc0e8,0x0000000091800000)
 Metaspace       used 115237K, capacity 120832K, committed 120984K, reserved 1155072K
  class space    used 15150K, capacity 16290K, committed 16296K, reserved 1048576K
GC Heap History (10 events):
Event: 15.701 GC heap before
{Heap before GC invocations=13 (full 3):
 PSYoungGen      total 302080K, used 302066K [0x00000000d5580000, 0x00000000ed200000, 0x0000000100000000)
  eden space 276992K, 100% used [0x00000000d5580000,0x00000000e6400000,0x00000000e6400000)
  from space 25088K, 99% used [0x00000000e6400000,0x00000000e7c7ca08,0x00000000e7c80000)
  to   space 29696K, 0% used [0x00000000eb500000,0x00000000eb500000,0x00000000ed200000)
 ParOldGen       total 157696K, used 38145K [0x0000000080000000, 0x0000000089a00000, 0x00000000d5580000)
  object space 157696K, 24% used [0x0000000080000000,0x00000000825404a0,0x0000000089a00000)
 Metaspace       used 85753K, capacity 89688K, committed 89880K, reserved 1126400K
  class space    used 11468K, capacity 12234K, committed 12328K, reserved 1048576K
Event: 15.732 GC heap after
Heap after GC invocations=13 (full 3):
 PSYoungGen      total 351232K, used 29671K [0x00000000d5580000, 0x00000000ede80000, 0x0000000100000000)
  eden space 321536K, 0% used [0x00000000d5580000,0x00000000d5580000,0x00000000e8f80000)
  from space 29696K, 99% used [0x00000000eb500000,0x00000000ed1f9f20,0x00000000ed200000)
  to   space 38400K, 0% used [0x00000000e8f80000,0x00000000e8f80000,0x00000000eb500000)
 ParOldGen       total 157696K, used 49417K [0x0000000080000000, 0x0000000089a00000, 0x00000000d5580000)
  object space 157696K, 31% used [0x0000000080000000,0x00000000830425d8,0x0000000089a00000)
 Metaspace       used 85753K, capacity 89688K, committed 89880K, reserved 1126400K
  class space    used 11468K, capacity 12234K, committed 12328K, reserved 1048576K
}
Event: 587.898 GC heap before
{Heap before GC invocations=14 (full 3):
 PSYoungGen      total 351232K, used 351207K [0x00000000d5580000, 0x00000000ede80000, 0x0000000100000000)
  eden space 321536K, 100% used [0x00000000d5580000,0x00000000e8f80000,0x00000000e8f80000)
  from space 29696K, 99% used [0x00000000eb500000,0x00000000ed1f9f20,0x00000000ed200000)
  to   space 38400K, 0% used [0x00000000e8f80000,0x00000000e8f80000,0x00000000eb500000)
 ParOldGen       total 157696K, used 49417K [0x0000000080000000, 0x0000000089a00000, 0x00000000d5580000)
  object space 157696K, 31% used [0x0000000080000000,0x00000000830425d8,0x0000000089a00000)
 Metaspace       used 92433K, capacity 96848K, committed 97048K, reserved 1132544K
  class space    used 12099K, capacity 12980K, committed 13096K, reserved 1048576K
Event: 588.000 GC heap after
Heap after GC invocations=14 (full 3):
 PSYoungGen      total 359936K, used 38386K [0x00000000d5580000, 0x00000000f3080000, 0x0000000100000000)
  eden space 321536K, 0% used [0x00000000d5580000,0x00000000d5580000,0x00000000e8f80000)
  from space 38400K, 99% used [0x00000000e8f80000,0x00000000eb4fcaf0,0x00000000eb500000)
  to   space 59392K, 0% used [0x00000000ef680000,0x00000000ef680000,0x00000000f3080000)
 ParOldGen       total 157696K, used 90536K [0x0000000080000000, 0x0000000089a00000, 0x00000000d5580000)
  object space 157696K, 57% used [0x0000000080000000,0x000000008586a100,0x0000000089a00000)
 Metaspace       used 92433K, capacity 96848K, committed 97048K, reserved 1132544K
  class space    used 12099K, capacity 12980K, committed 13096K, reserved 1048576K
}
Event: 588.753 GC heap before
{Heap before GC invocations=15 (full 3):
 PSYoungGen      total 359936K, used 95264K [0x00000000d5580000, 0x00000000f3080000, 0x0000000100000000)
  eden space 321536K, 17% used [0x00000000d5580000,0x00000000d8d0b700,0x00000000e8f80000)
  from space 38400K, 99% used [0x00000000e8f80000,0x00000000eb4fcaf0,0x00000000eb500000)
  to   space 59392K, 0% used [0x00000000ef680000,0x00000000ef680000,0x00000000f3080000)
 ParOldGen       total 157696K, used 90536K [0x0000000080000000, 0x0000000089a00000, 0x00000000d5580000)
  object space 157696K, 57% used [0x0000000080000000,0x000000008586a100,0x0000000089a00000)
 Metaspace       used 94183K, capacity 98566K, committed 98600K, reserved 1134592K
  class space    used 12326K, capacity 13209K, committed 13224K, reserved 1048576K
Event: 588.799 GC heap after
Heap after GC invocations=15 (full 3):
 PSYoungGen      total 428032K, used 6612K [0x00000000d5580000, 0x00000000f4d80000, 0x0000000100000000)
  eden space 368640K, 0% used [0x00000000d5580000,0x00000000d5580000,0x00000000ebd80000)
  from space 59392K, 11% used [0x00000000ef680000,0x00000000efcf5240,0x00000000f3080000)
  to   space 58368K, 0% used [0x00000000ebd80000,0x00000000ebd80000,0x00000000ef680000)
 ParOldGen       total 157696K, used 128946K [0x0000000080000000, 0x0000000089a00000, 0x00000000d5580000)
  object space 157696K, 81% used [0x0000000080000000,0x0000000087dec8b0,0x0000000089a00000)
 Metaspace       used 94183K, capacity 98566K, committed 98600K, reserved 1134592K
  class space    used 12326K, capacity 13209K, committed 13224K, reserved 1048576K
}
Event: 588.799 GC heap before
{Heap before GC invocations=16 (full 4):
 PSYoungGen      total 428032K, used 6612K [0x00000000d5580000, 0x00000000f4d80000, 0x0000000100000000)
  eden space 368640K, 0% used [0x00000000d5580000,0x00000000d5580000,0x00000000ebd80000)
  from space 59392K, 11% used [0x00000000ef680000,0x00000000efcf5240,0x00000000f3080000)
  to   space 58368K, 0% used [0x00000000ebd80000,0x00000000ebd80000,0x00000000ef680000)
 ParOldGen       total 157696K, used 128946K [0x0000000080000000, 0x0000000089a00000, 0x00000000d5580000)
  object space 157696K, 81% used [0x0000000080000000,0x0000000087dec8b0,0x0000000089a00000)
 Metaspace       used 94183K, capacity 98566K, committed 98600K, reserved 1134592K
  class space    used 12326K, capacity 13209K, committed 13224K, reserved 1048576K
Event: 589.076 GC heap after
Heap after GC invocations=16 (full 4):
 PSYoungGen      total 428032K, used 0K [0x00000000d5580000, 0x00000000f4d80000, 0x0000000100000000)
  eden space 368640K, 0% used [0x00000000d5580000,0x00000000d5580000,0x00000000ebd80000)
  from space 59392K, 0% used [0x00000000ef680000,0x00000000ef680000,0x00000000f3080000)
  to   space 58368K, 0% used [0x00000000ebd80000,0x00000000ebd80000,0x00000000ef680000)
 ParOldGen       total 286720K, used 106280K [0x0000000080000000, 0x0000000091800000, 0x00000000d5580000)
  object space 286720K, 37% used [0x0000000080000000,0x00000000867ca0e8,0x0000000091800000)
 Metaspace       used 94007K, capacity 98068K, committed 98600K, reserved 1134592K
  class space    used 12268K, capacity 13108K, committed 13224K, reserved 1048576K
}
Event: 601.886 GC heap before
{Heap before GC invocations=17 (full 4):
 PSYoungGen      total 428032K, used 368640K [0x00000000d5580000, 0x00000000f4d80000, 0x0000000100000000)
  eden space 368640K, 100% used [0x00000000d5580000,0x00000000ebd80000,0x00000000ebd80000)
  from space 59392K, 0% used [0x00000000ef680000,0x00000000ef680000,0x00000000f3080000)
  to   space 58368K, 0% used [0x00000000ebd80000,0x00000000ebd80000,0x00000000ef680000)
 ParOldGen       total 286720K, used 106280K [0x0000000080000000, 0x0000000091800000, 0x00000000d5580000)
  object space 286720K, 37% used [0x0000000080000000,0x00000000867ca0e8,0x0000000091800000)
 Metaspace       used 104000K, capacity 108438K, committed 108696K, reserved 1142784K
  class space    used 13568K, capacity 14495K, committed 14504K, reserved 1048576K
Event: 601.907 GC heap after
Heap after GC invocations=17 (full 4):
 PSYoungGen      total 427008K, used 19753K [0x00000000d5580000, 0x00000000f8080000, 0x0000000100000000)
  eden space 368640K, 0% used [0x00000000d5580000,0x00000000d5580000,0x00000000ebd80000)
  from space 58368K, 33% used [0x00000000ebd80000,0x00000000ed0ca408,0x00000000ef680000)
  to   space 54784K, 0% used [0x00000000f4b00000,0x00000000f4b00000,0x00000000f8080000)
 ParOldGen       total 286720K, used 106288K [0x0000000080000000, 0x0000000091800000, 0x00000000d5580000)
  object space 286720K, 37% used [0x0000000080000000,0x00000000867cc0e8,0x0000000091800000)
 Metaspace       used 104000K, capacity 108438K, committed 108696K, reserved 1142784K
  class space    used 13568K, capacity 14495K, committed 14504K, reserved 1048576K
}

