# JRE version: OpenJDK Runtime Environment (8.0_242-b01) (build 1.8.0_242-release-1644-b01)
# Java VM: OpenJDK 64-Bit Server VM (25.242-b01 mixed mode windows-amd64 compressed oops)
Heap:
 PSYoungGen      total 488448K, used 152423K [0x00000000d5580000, 0x00000000fa300000, 0x0000000100000000)
  eden space 404480K, 24% used [0x00000000d5580000,0x00000000db7927e0,0x00000000ee080000)
  from space 83968K, 61% used [0x00000000ee080000,0x00000000f1347438,0x00000000f3280000)
  to   space 84480K, 0% used [0x00000000f5080000,0x00000000f5080000,0x00000000fa300000)
 ParOldGen       total 322560K, used 129347K [0x0000000080000000, 0x0000000093b00000, 0x00000000d5580000)
  object space 322560K, 40% used [0x0000000080000000,0x0000000087e50f00,0x0000000093b00000)
 Metaspace       used 184416K, capacity 194836K, committed 195096K, reserved 1218560K
  class space    used 23464K, capacity 25522K, committed 25640K, reserved 1048576K
GC Heap History (10 events):
Event: 1595.039 GC heap before
{Heap before GC invocations=30 (full 5):
 PSYoungGen      total 410624K, used 336896K [0x00000000d5580000, 0x00000000f4d80000, 0x0000000100000000)
  eden space 336896K, 100% used [0x00000000d5580000,0x00000000e9e80000,0x00000000e9e80000)
  from space 73728K, 0% used [0x00000000eed80000,0x00000000eed80000,0x00000000f3580000)
  to   space 80896K, 0% used [0x00000000e9e80000,0x00000000e9e80000,0x00000000eed80000)
 ParOldGen       total 322560K, used 129307K [0x0000000080000000, 0x0000000093b00000, 0x00000000d5580000)
  object space 322560K, 40% used [0x0000000080000000,0x0000000087e46f00,0x0000000093b00000)
 Metaspace       used 159076K, capacity 167180K, committed 167704K, reserved 1193984K
  class space    used 20527K, capacity 22124K, committed 22312K, reserved 1048576K
Event: 1595.069 GC heap after
Heap after GC invocations=30 (full 5):
 PSYoungGen      total 417792K, used 34077K [0x00000000d5580000, 0x00000000f5800000, 0x0000000100000000)
  eden space 336896K, 0% used [0x00000000d5580000,0x00000000d5580000,0x00000000e9e80000)
  from space 80896K, 42% used [0x00000000e9e80000,0x00000000ebfc7420,0x00000000eed80000)
  to   space 76288K, 0% used [0x00000000f0d80000,0x00000000f0d80000,0x00000000f5800000)
 ParOldGen       total 322560K, used 129315K [0x0000000080000000, 0x0000000093b00000, 0x00000000d5580000)
  object space 322560K, 40% used [0x0000000080000000,0x0000000087e48f00,0x0000000093b00000)
 Metaspace       used 159076K, capacity 167180K, committed 167704K, reserved 1193984K
  class space    used 20527K, capacity 22124K, committed 22312K, reserved 1048576K
}
Event: 1596.774 GC heap before
{Heap before GC invocations=31 (full 5):
 PSYoungGen      total 417792K, used 370973K [0x00000000d5580000, 0x00000000f5800000, 0x0000000100000000)
  eden space 336896K, 100% used [0x00000000d5580000,0x00000000e9e80000,0x00000000e9e80000)
  from space 80896K, 42% used [0x00000000e9e80000,0x00000000ebfc7420,0x00000000eed80000)
  to   space 76288K, 0% used [0x00000000f0d80000,0x00000000f0d80000,0x00000000f5800000)
 ParOldGen       total 322560K, used 129315K [0x0000000080000000, 0x0000000093b00000, 0x00000000d5580000)
  object space 322560K, 40% used [0x0000000080000000,0x0000000087e48f00,0x0000000093b00000)
 Metaspace       used 168080K, capacity 177254K, committed 177560K, reserved 1204224K
  class space    used 21813K, capacity 23621K, committed 23720K, reserved 1048576K
Event: 1596.807 GC heap after
Heap after GC invocations=31 (full 5):
 PSYoungGen      total 450560K, used 45235K [0x00000000d5580000, 0x00000000f5b80000, 0x0000000100000000)
  eden space 374272K, 0% used [0x00000000d5580000,0x00000000d5580000,0x00000000ec300000)
  from space 76288K, 59% used [0x00000000f0d80000,0x00000000f39acfe8,0x00000000f5800000)
  to   space 76288K, 0% used [0x00000000ec300000,0x00000000ec300000,0x00000000f0d80000)
 ParOldGen       total 322560K, used 129323K [0x0000000080000000, 0x0000000093b00000, 0x00000000d5580000)
  object space 322560K, 40% used [0x0000000080000000,0x0000000087e4af00,0x0000000093b00000)
 Metaspace       used 168080K, capacity 177254K, committed 177560K, reserved 1204224K
  class space    used 21813K, capacity 23621K, committed 23720K, reserved 1048576K
}
Event: 1862.511 GC heap before
{Heap before GC invocations=32 (full 5):
 PSYoungGen      total 450560K, used 419480K [0x00000000d5580000, 0x00000000f5b80000, 0x0000000100000000)
  eden space 374272K, 99% used [0x00000000d5580000,0x00000000ec2f91a8,0x00000000ec300000)
  from space 76288K, 59% used [0x00000000f0d80000,0x00000000f39acfe8,0x00000000f5800000)
  to   space 76288K, 0% used [0x00000000ec300000,0x00000000ec300000,0x00000000f0d80000)
 ParOldGen       total 322560K, used 129323K [0x0000000080000000, 0x0000000093b00000, 0x00000000d5580000)
  object space 322560K, 40% used [0x0000000080000000,0x0000000087e4af00,0x0000000093b00000)
 Metaspace       used 179231K, capacity 188872K, committed 189080K, reserved 1214464K
  class space    used 23050K, capacity 24942K, committed 25000K, reserved 1048576K
Event: 1862.541 GC heap after
Heap after GC invocations=32 (full 5):
 PSYoungGen      total 450560K, used 47330K [0x00000000d5580000, 0x00000000f7d00000, 0x0000000100000000)
  eden space 374272K, 0% used [0x00000000d5580000,0x00000000d5580000,0x00000000ec300000)
  from space 76288K, 62% used [0x00000000ec300000,0x00000000ef138b28,0x00000000f0d80000)
  to   space 76288K, 0% used [0x00000000f3280000,0x00000000f3280000,0x00000000f7d00000)
 ParOldGen       total 322560K, used 129331K [0x0000000080000000, 0x0000000093b00000, 0x00000000d5580000)
  object space 322560K, 40% used [0x0000000080000000,0x0000000087e4cf00,0x0000000093b00000)
 Metaspace       used 179231K, capacity 188872K, committed 189080K, reserved 1214464K
  class space    used 23050K, capacity 24942K, committed 25000K, reserved 1048576K
}
Event: 1873.907 GC heap before
{Heap before GC invocations=33 (full 5):
 PSYoungGen      total 450560K, used 421602K [0x00000000d5580000, 0x00000000f7d00000, 0x0000000100000000)
  eden space 374272K, 100% used [0x00000000d5580000,0x00000000ec300000,0x00000000ec300000)
  from space 76288K, 62% used [0x00000000ec300000,0x00000000ef138b28,0x00000000f0d80000)
  to   space 76288K, 0% used [0x00000000f3280000,0x00000000f3280000,0x00000000f7d00000)
 ParOldGen       total 322560K, used 129331K [0x0000000080000000, 0x0000000093b00000, 0x00000000d5580000)
  object space 322560K, 40% used [0x0000000080000000,0x0000000087e4cf00,0x0000000093b00000)
 Metaspace       used 182272K, capacity 192190K, committed 192408K, reserved 1216512K
  class space    used 23218K, capacity 25207K, committed 25256K, reserved 1048576K
Event: 1873.962 GC heap after
Heap after GC invocations=33 (full 5):
 PSYoungGen      total 480768K, used 67901K [0x00000000d5580000, 0x00000000f8880000, 0x0000000100000000)
  eden space 404480K, 0% used [0x00000000d5580000,0x00000000d5580000,0x00000000ee080000)
  from space 76288K, 89% used [0x00000000f3280000,0x00000000f74cf570,0x00000000f7d00000)
  to   space 83968K, 0% used [0x00000000ee080000,0x00000000ee080000,0x00000000f3280000)
 ParOldGen       total 322560K, used 129339K [0x0000000080000000, 0x0000000093b00000, 0x00000000d5580000)
  object space 322560K, 40% used [0x0000000080000000,0x0000000087e4ef00,0x0000000093b00000)
 Metaspace       used 182272K, capacity 192190K, committed 192408K, reserved 1216512K
  class space    used 23218K, capacity 25207K, committed 25256K, reserved 1048576K
}
Event: 2763.402 GC heap before
{Heap before GC invocations=34 (full 5):
 PSYoungGen      total 480768K, used 472381K [0x00000000d5580000, 0x00000000f8880000, 0x0000000100000000)
  eden space 404480K, 100% used [0x00000000d5580000,0x00000000ee080000,0x00000000ee080000)
  from space 76288K, 89% used [0x00000000f3280000,0x00000000f74cf570,0x00000000f7d00000)
  to   space 83968K, 0% used [0x00000000ee080000,0x00000000ee080000,0x00000000f3280000)
 ParOldGen       total 322560K, used 129339K [0x0000000080000000, 0x0000000093b00000, 0x00000000d5580000)
  object space 322560K, 40% used [0x0000000080000000,0x0000000087e4ef00,0x0000000093b00000)
 Metaspace       used 184285K, capacity 194720K, committed 195096K, reserved 1218560K
  class space    used 23460K, capacity 25514K, committed 25640K, reserved 1048576K
Event: 2763.435 GC heap after
Heap after GC invocations=34 (full 5):
 PSYoungGen      total 488448K, used 51997K [0x00000000d5580000, 0x00000000fa300000, 0x0000000100000000)
  eden space 404480K, 0% used [0x00000000d5580000,0x00000000d5580000,0x00000000ee080000)
  from space 83968K, 61% used [0x00000000ee080000,0x00000000f1347438,0x00000000f3280000)
  to   space 84480K, 0% used [0x00000000f5080000,0x00000000f5080000,0x00000000fa300000)
 ParOldGen       total 322560K, used 129347K [0x0000000080000000, 0x0000000093b00000, 0x00000000d5580000)
  object space 322560K, 40% used [0x0000000080000000,0x0000000087e50f00,0x0000000093b00000)
 Metaspace       used 184285K, capacity 194720K, committed 195096K, reserved 1218560K
  class space    used 23460K, capacity 25514K, committed 25640K, reserved 1048576K
}

